  [1m[35m (346.7ms)[0m  [1m[35mCREATE DATABASE "my_project_name_development" ENCODING = 'unicode'[0m
  ↳ bin/rails:9
  [1m[35m (254.6ms)[0m  [1m[35mCREATE DATABASE "my_project_name_test" ENCODING = 'unicode'[0m
  ↳ bin/rails:9
  [1m[35m (9.9ms)[0m  [1m[35mCREATE TABLE "schema_migrations" ("version" character varying NOT NULL PRIMARY KEY)[0m
  ↳ bin/rails:9
  [1m[35m (6.3ms)[0m  [1m[35mCREATE TABLE "ar_internal_metadata" ("key" character varying NOT NULL PRIMARY KEY, "value" character varying, "created_at" timestamp NOT NULL, "updated_at" timestamp NOT NULL)[0m
  ↳ bin/rails:9
  [1m[35m (0.3ms)[0m  [1m[34mSELECT pg_try_advisory_lock(2439013644524809380)[0m
  ↳ bin/rails:9
  [1m[35m (0.8ms)[0m  [1m[34mSELECT "schema_migrations"."version" FROM "schema_migrations" ORDER BY "schema_migrations"."version" ASC[0m
  ↳ bin/rails:9
Migrating to CreateUsers (20191001204229)
  [1m[35m (0.2ms)[0m  [1m[35mBEGIN[0m
  ↳ bin/rails:9
  [1m[35m (5.9ms)[0m  [1m[35mCREATE TABLE "users" ("id" bigserial primary key, "email" character varying NOT NULL, "password_digest" character varying NOT NULL, "session_token" character varying NOT NULL, "created_at" timestamp NOT NULL, "updated_at" timestamp NOT NULL)[0m
  ↳ db/migrate/20191001204229_create_users.rb:3
  [1m[35m (3.9ms)[0m  [1m[35mCREATE  INDEX  "index_users_on_session_token" ON "users"  ("session_token")[0m
  ↳ db/migrate/20191001204229_create_users.rb:10
  [1m[35m (3.3ms)[0m  [1m[35mCREATE UNIQUE INDEX  "index_users_on_email" ON "users"  ("email")[0m
  ↳ db/migrate/20191001204229_create_users.rb:11
  [1m[36mActiveRecord::SchemaMigration Create (0.7ms)[0m  [1m[32mINSERT INTO "schema_migrations" ("version") VALUES ($1) RETURNING "version"[0m  [["version", "20191001204229"]]
  ↳ bin/rails:9
  [1m[35m (4.1ms)[0m  [1m[35mCOMMIT[0m
  ↳ bin/rails:9
  [1m[36mActiveRecord::InternalMetadata Load (0.5ms)[0m  [1m[34mSELECT  "ar_internal_metadata".* FROM "ar_internal_metadata" WHERE "ar_internal_metadata"."key" = $1 LIMIT $2[0m  [["key", "environment"], ["LIMIT", 1]]
  ↳ bin/rails:9
  [1m[35m (0.2ms)[0m  [1m[35mBEGIN[0m
  ↳ bin/rails:9
  [1m[36mActiveRecord::InternalMetadata Create (0.8ms)[0m  [1m[32mINSERT INTO "ar_internal_metadata" ("key", "value", "created_at", "updated_at") VALUES ($1, $2, $3, $4) RETURNING "key"[0m  [["key", "environment"], ["value", "development"], ["created_at", "2019-10-01 20:46:04.404808"], ["updated_at", "2019-10-01 20:46:04.404808"]]
  ↳ bin/rails:9
  [1m[35m (0.4ms)[0m  [1m[35mCOMMIT[0m
  ↳ bin/rails:9
  [1m[35m (0.5ms)[0m  [1m[34mSELECT pg_advisory_unlock(2439013644524809380)[0m
  ↳ bin/rails:9
  [1m[35m (0.7ms)[0m  [1m[34mSELECT "schema_migrations"."version" FROM "schema_migrations" ORDER BY "schema_migrations"."version" ASC[0m
  ↳ bin/rails:9
Started GET "/users/new" for ::1 at 2019-10-01 14:23:56 -0700
  [1m[35m (1.3ms)[0m  [1m[34mSELECT "schema_migrations"."version" FROM "schema_migrations" ORDER BY "schema_migrations"."version" ASC[0m
  ↳ /Users/appacademy/.rbenv/versions/2.5.1/lib/ruby/gems/2.5.0/gems/activerecord-5.2.3/lib/active_record/log_subscriber.rb:98
Processing by UsersController#new as HTML
  Rendering users/new.html.erb within layouts/application
  Rendered users/new.html.erb within layouts/application (1.6ms)
Completed 200 OK in 789ms (Views: 786.9ms | ActiveRecord: 0.0ms)


Started GET "/users/new" for ::1 at 2019-10-01 14:24:43 -0700
Processing by UsersController#new as HTML
  Rendering users/new.html.erb within layouts/application
  Rendered users/new.html.erb within layouts/application (2.1ms)
Completed 200 OK in 38ms (Views: 35.2ms | ActiveRecord: 0.0ms)


Started GET "/users/new" for ::1 at 2019-10-01 14:24:43 -0700
Processing by UsersController#new as HTML
  Rendering users/new.html.erb within layouts/application
  Rendered users/new.html.erb within layouts/application (1.0ms)
Completed 200 OK in 31ms (Views: 29.2ms | ActiveRecord: 0.0ms)


Started GET "/users/new" for ::1 at 2019-10-01 14:24:51 -0700
Processing by UsersController#new as HTML
  Rendering users/new.html.erb within layouts/application
  Rendered users/new.html.erb within layouts/application (0.8ms)
Completed 200 OK in 33ms (Views: 30.1ms | ActiveRecord: 0.0ms)


Started GET "/users/new" for ::1 at 2019-10-01 14:24:52 -0700
Processing by UsersController#new as HTML
  Rendering users/new.html.erb within layouts/application
  Rendered users/new.html.erb within layouts/application (0.8ms)
Completed 200 OK in 32ms (Views: 30.4ms | ActiveRecord: 0.0ms)


Started GET "/users/new?user%5Bemail%5D=dsvsfb&user%5Bpassword%5D=[FILTERED]" for ::1 at 2019-10-01 14:24:58 -0700
Processing by UsersController#new as HTML
  Parameters: {"user"=>{"email"=>"dsvsfb", "password"=>"[FILTERED]"}}
  Rendering users/new.html.erb within layouts/application
  Rendered users/new.html.erb within layouts/application (0.7ms)
Completed 200 OK in 28ms (Views: 25.5ms | ActiveRecord: 0.0ms)


Started GET "/users/new?user%5Bemail%5D=&user%5Bpassword%5D=" for ::1 at 2019-10-01 14:25:00 -0700
Processing by UsersController#new as HTML
  Parameters: {"user"=>{"email"=>"", "password"=>"[FILTERED]"}}
  Rendering users/new.html.erb within layouts/application
  Rendered users/new.html.erb within layouts/application (2.3ms)
Completed 200 OK in 32ms (Views: 30.2ms | ActiveRecord: 0.0ms)


Started GET "/users/new?user%5Bemail%5D=lmfldm%40google.com&user%5Bpassword%5D=[FILTERED]" for ::1 at 2019-10-01 14:26:47 -0700
Processing by UsersController#new as HTML
  Parameters: {"user"=>{"email"=>"lmfldm@google.com", "password"=>"[FILTERED]"}}
  Rendering users/new.html.erb within layouts/application
  Rendered users/new.html.erb within layouts/application (0.6ms)
Completed 200 OK in 24ms (Views: 21.8ms | ActiveRecord: 0.0ms)


Started GET "/users/new?user%5Bemail%5D=fhjsdaf&user%5Bpassword%5D=[FILTERED]" for ::1 at 2019-10-01 14:27:26 -0700
Processing by UsersController#new as HTML
  Parameters: {"user"=>{"email"=>"fhjsdaf", "password"=>"[FILTERED]"}}
  Rendering users/new.html.erb within layouts/application
  Rendered users/new.html.erb within layouts/application (0.7ms)
Completed 200 OK in 29ms (Views: 27.1ms | ActiveRecord: 0.0ms)


Started GET "/users?user%5Bemail%5D=friend%40aa.io&user%5Bpassword%5D=[FILTERED]" for ::1 at 2019-10-01 14:31:04 -0700
  [1m[35m (2.0ms)[0m  [1m[34mSELECT "schema_migrations"."version" FROM "schema_migrations" ORDER BY "schema_migrations"."version" ASC[0m
  ↳ /Users/appacademy/.rbenv/versions/2.5.1/lib/ruby/gems/2.5.0/gems/activerecord-5.2.3/lib/active_record/log_subscriber.rb:98
Processing by UsersController#index as HTML
  Parameters: {"user"=>{"email"=>"friend@aa.io", "password"=>"[FILTERED]"}}
Completed 500 Internal Server Error in 7ms (ActiveRecord: 0.0ms)


  
ArgumentError (Unknown validator: 'UniquenuessValidator'):
  
app/models/user.rb:4:in `<class:User>'
app/models/user.rb:1:in `<top (required)>'
app/controllers/users_controller.rb:4:in `index'
Started GET "/users/new" for ::1 at 2019-10-01 14:31:23 -0700
Processing by UsersController#new as HTML
  Rendering users/new.html.erb within layouts/application
  Rendered users/new.html.erb within layouts/application (0.6ms)
Completed 200 OK in 231ms (Views: 228.1ms | ActiveRecord: 0.0ms)


Started GET "/users?user%5Bemail%5D=asdadsasdassd&user%5Bpassword%5D=[FILTERED]" for ::1 at 2019-10-01 14:31:32 -0700
Processing by UsersController#index as HTML
  Parameters: {"user"=>{"email"=>"asdadsasdassd", "password"=>"[FILTERED]"}}
  Rendering users/index.html.erb within layouts/application
  Rendered users/index.html.erb within layouts/application (0.5ms)
Completed 200 OK in 31ms (Views: 26.4ms | ActiveRecord: 0.0ms)


Started GET "/users?user%5Bemail%5D=asdadsasdassd&user%5Bpassword%5D=[FILTERED]" for ::1 at 2019-10-01 14:32:20 -0700
Processing by UsersController#index as HTML
  Parameters: {"user"=>{"email"=>"asdadsasdassd", "password"=>"[FILTERED]"}}
  Rendering users/index.html.erb within layouts/application
  Rendered users/index.html.erb within layouts/application (0.4ms)
Completed 200 OK in 24ms (Views: 24.1ms | ActiveRecord: 0.0ms)


Started GET "/users?user%5Bemail%5D=asdadsasdassd&user%5Bpassword%5D=[FILTERED]" for ::1 at 2019-10-01 14:46:29 -0700
Processing by UsersController#index as HTML
  Parameters: {"user"=>{"email"=>"asdadsasdassd", "password"=>"[FILTERED]"}}
  Rendering users/index.html.erb within layouts/application
  [1m[36mUser Load (3.5ms)[0m  [1m[34mSELECT  "users".* FROM "users" LIMIT $1[0m  [["LIMIT", 11]]
  ↳ app/controllers/users_controller.rb:5
  [1m[36mCACHE User Load (0.0ms)[0m  [1m[34mSELECT  "users".* FROM "users" LIMIT $1[0m  [["LIMIT", 11]]
  ↳ app/controllers/users_controller.rb:5
  [1m[36mCACHE User Load (0.0ms)[0m  [1m[34mSELECT  "users".* FROM "users" LIMIT $1[0m  [["LIMIT", 11]]
  ↳ app/controllers/users_controller.rb:5
  [1m[36mCACHE User Load (0.0ms)[0m  [1m[34mSELECT  "users".* FROM "users" LIMIT $1[0m  [["LIMIT", 11]]
  ↳ app/controllers/users_controller.rb:5
  Rendered users/index.html.erb within layouts/application (163.2ms)
Completed 500 Internal Server Error in 172ms (ActiveRecord: 9.1ms)


  
ActionView::Template::Error (undefined method `login!' for #<#<Class:0x00007ff4395be778>:0x00007ff4395bcdd8>):
    1: <h1>I AM THE INDEX</h1>
    2: 
    3: <% if login!(@user)    %>
    4: <%= @current_user.email %>
    5: <h3> Hello Fri3nd</h3>
    6: <% end %>
  
app/views/users/index.html.erb:3:in `_app_views_users_index_html_erb__3865100831489296784_70343504059700'
app/controllers/users_controller.rb:5:in `index'
Started GET "/users?user%5Bemail%5D=asdadsasdassd&user%5Bpassword%5D=[FILTERED]" for ::1 at 2019-10-01 14:47:23 -0700
Processing by UsersController#index as HTML
  Parameters: {"user"=>{"email"=>"asdadsasdassd", "password"=>"[FILTERED]"}}
  Rendering users/index.html.erb within layouts/application
  Rendered users/index.html.erb within layouts/application (4.0ms)
Completed 500 Internal Server Error in 15ms (ActiveRecord: 0.0ms)


  
ActionView::Template::Error (undefined method `reset_session_token' for nil:NilClass):
    1: <h1>I AM THE INDEX</h1>
    2: 
    3: <% if login!(@user)    %>
    4: <%= @current_user.email %>
    5: <h3> Hello Fri3nd</h3>
    6: <% end %>
  
app/controllers/application_controller.rb:6:in `login!'
app/views/users/index.html.erb:3:in `_app_views_users_index_html_erb__3865100831489296784_70343461392660'
app/controllers/users_controller.rb:5:in `index'
Started GET "/users/new" for ::1 at 2019-10-01 14:48:41 -0700
Processing by UsersController#new as HTML
  Rendering users/new.html.erb within layouts/application
  Rendered users/new.html.erb within layouts/application (0.6ms)
Completed 200 OK in 27ms (Views: 24.6ms | ActiveRecord: 0.0ms)


Started GET "/users?user%5Bemail%5D=5ydrthfgcv&user%5Bpassword%5D=[FILTERED]" for ::1 at 2019-10-01 14:48:45 -0700
Processing by UsersController#index as HTML
  Parameters: {"user"=>{"email"=>"5ydrthfgcv", "password"=>"[FILTERED]"}}
  Rendering users/index.html.erb within layouts/application
  Rendered users/index.html.erb within layouts/application (4.1ms)
Completed 500 Internal Server Error in 10ms (ActiveRecord: 0.0ms)


  
ActionView::Template::Error (undefined method `reset_session_token' for nil:NilClass):
    1: <h1>I AM THE INDEX</h1>
    2: 
    3: <% if login!(@user)    %>
    4: <%= @current_user.email %>
    5: <h3> Hello Fri3nd</h3>
    6: <% end %>
  
app/controllers/application_controller.rb:6:in `login!'
app/views/users/index.html.erb:3:in `_app_views_users_index_html_erb__3865100831489296784_70343485508960'
app/controllers/users_controller.rb:5:in `index'
Started GET "/users?user%5Bemail%5D=5ydrthfgcv&user%5Bpassword%5D=[FILTERED]" for ::1 at 2019-10-01 14:48:46 -0700
Processing by UsersController#index as HTML
  Parameters: {"user"=>{"email"=>"5ydrthfgcv", "password"=>"[FILTERED]"}}
  Rendering users/index.html.erb within layouts/application
  Rendered users/index.html.erb within layouts/application (5.1ms)
Completed 500 Internal Server Error in 10ms (ActiveRecord: 0.0ms)


  
ActionView::Template::Error (undefined method `reset_session_token' for nil:NilClass):
    1: <h1>I AM THE INDEX</h1>
    2: 
    3: <% if login!(@user)    %>
    4: <%= @current_user.email %>
    5: <h3> Hello Fri3nd</h3>
    6: <% end %>
  
app/controllers/application_controller.rb:6:in `login!'
app/views/users/index.html.erb:3:in `_app_views_users_index_html_erb__3865100831489296784_70343455538460'
app/controllers/users_controller.rb:5:in `index'
  [1m[36mUser Load (0.6ms)[0m  [1m[34mSELECT  "users".* FROM "users" LIMIT $1[0m  [["LIMIT", 11]]
Started GET "/users/new" for ::1 at 2019-10-01 15:25:22 -0700
Processing by UsersController#new as HTML
  Rendering users/new.html.erb within layouts/application
  Rendered users/new.html.erb within layouts/application (0.6ms)
Completed 500 Internal Server Error in 328ms (ActiveRecord: 0.0ms)


  
ActionView::Template::Error (undefined local variable or method `logged_in' for #<#<Class:0x00007ff43e2f8430>:0x00007ff43a3e28e0>
Did you mean?  logger):
    11: 
    12:   <body>
    13:   <form action="users/new"></form>
    14:     <% if logged_in %>
    15:       <input type="submit" value="logout">
    16:     <% else %>
    17:       <input type="submit" value="signup">
  
app/views/layouts/application.html.erb:14:in `_app_views_layouts_application_html_erb__1290317371435051089_70343462933300'
Started GET "/users/new" for ::1 at 2019-10-01 15:26:08 -0700
Processing by UsersController#new as HTML
  Rendering users/new.html.erb within layouts/application
  Rendered users/new.html.erb within layouts/application (1.0ms)
Completed 200 OK in 29ms (Views: 27.2ms | ActiveRecord: 0.0ms)


Started GET "/users?user%5Bemail%5D=fsdkabflk&user%5Bpassword%5D=[FILTERED]" for ::1 at 2019-10-01 15:26:23 -0700
Processing by UsersController#index as HTML
  Parameters: {"user"=>{"email"=>"fsdkabflk", "password"=>"[FILTERED]"}}
  Rendering users/index.html.erb within layouts/application
  Rendered users/index.html.erb within layouts/application (0.4ms)
Completed 200 OK in 33ms (Views: 26.3ms | ActiveRecord: 0.0ms)


Started GET "/users?user%5Bemail%5D=fsdkabflk&user%5Bpassword%5D=[FILTERED]" for ::1 at 2019-10-01 15:27:01 -0700
Processing by UsersController#index as HTML
  Parameters: {"user"=>{"email"=>"fsdkabflk", "password"=>"[FILTERED]"}}
  Rendering users/index.html.erb within layouts/application
  Rendered users/index.html.erb within layouts/application (0.4ms)
Completed 200 OK in 28ms (Views: 24.8ms | ActiveRecord: 0.0ms)


Started GET "/users/new" for ::1 at 2019-10-01 15:27:10 -0700
Processing by UsersController#new as HTML
  Rendering users/new.html.erb within layouts/application
  Rendered users/new.html.erb within layouts/application (0.8ms)
Completed 200 OK in 27ms (Views: 24.6ms | ActiveRecord: 0.0ms)


Started GET "/users" for ::1 at 2019-10-01 15:28:26 -0700
Processing by UsersController#index as HTML
  Rendering users/index.html.erb within layouts/application
  Rendered users/index.html.erb within layouts/application (0.6ms)
  [1m[36mUser Load (0.6ms)[0m  [1m[34mSELECT  "users".* FROM "users" LIMIT $1[0m  [["LIMIT", 11]]
  ↳ app/controllers/users_controller.rb:5
  [1m[36mCACHE User Load (0.0ms)[0m  [1m[34mSELECT  "users".* FROM "users" LIMIT $1[0m  [["LIMIT", 11]]
  ↳ app/controllers/users_controller.rb:5
  [1m[36mCACHE User Load (0.0ms)[0m  [1m[34mSELECT  "users".* FROM "users" LIMIT $1[0m  [["LIMIT", 11]]
  ↳ app/controllers/users_controller.rb:5
  [1m[36mCACHE User Load (0.0ms)[0m  [1m[34mSELECT  "users".* FROM "users" LIMIT $1[0m  [["LIMIT", 11]]
  ↳ app/controllers/users_controller.rb:5
  [1m[36mCACHE User Load (0.0ms)[0m  [1m[34mSELECT  "users".* FROM "users" LIMIT $1[0m  [["LIMIT", 11]]
  ↳ app/controllers/users_controller.rb:5
  [1m[36mCACHE User Load (0.0ms)[0m  [1m[34mSELECT  "users".* FROM "users" LIMIT $1[0m  [["LIMIT", 11]]
  ↳ app/controllers/users_controller.rb:5
  [1m[36mCACHE User Load (0.0ms)[0m  [1m[34mSELECT  "users".* FROM "users" LIMIT $1[0m  [["LIMIT", 11]]
  ↳ app/controllers/users_controller.rb:5
  [1m[36mCACHE User Load (0.0ms)[0m  [1m[34mSELECT  "users".* FROM "users" LIMIT $1[0m  [["LIMIT", 11]]
  ↳ app/controllers/users_controller.rb:5
Completed 500 Internal Server Error in 373ms (ActiveRecord: 8.9ms)


  
ActionView::Template::Error (undefined local variable or method `new_users_url' for #<#<Class:0x00007ff4394b7c08>:0x00007ff439c9e930>
Did you mean?  new_user_url):
    10:   </head>
    11: 
    12:   <body>
    13:   <form action="<%= new_users_url  %>"></form>
    14:     <% if logged_in? %>
    15:       <input type="submit" value="logout">
    16:     <% else %>
  
app/views/layouts/application.html.erb:13:in `_app_views_layouts_application_html_erb__1290317371435051089_70343459397900'
app/controllers/users_controller.rb:5:in `index'
Started GET "/users" for ::1 at 2019-10-01 15:28:48 -0700
Processing by UsersController#index as HTML
  Rendering users/index.html.erb within layouts/application
  Rendered users/index.html.erb within layouts/application (0.5ms)
Completed 200 OK in 23ms (Views: 22.8ms | ActiveRecord: 0.0ms)


Started GET "/users" for ::1 at 2019-10-01 15:29:13 -0700
Processing by UsersController#index as HTML
  Rendering users/index.html.erb within layouts/application
  Rendered users/index.html.erb within layouts/application (0.4ms)
Completed 200 OK in 24ms (Views: 23.8ms | ActiveRecord: 0.0ms)


Started GET "/users/new" for ::1 at 2019-10-01 15:29:15 -0700
Processing by UsersController#new as HTML
  Rendering users/new.html.erb within layouts/application
  Rendered users/new.html.erb within layouts/application (0.6ms)
Completed 200 OK in 22ms (Views: 19.8ms | ActiveRecord: 0.0ms)


Started GET "/users?user%5Bemail%5D=asdfasdf&user%5Bpassword%5D=[FILTERED]" for ::1 at 2019-10-01 15:29:44 -0700
Processing by UsersController#index as HTML
  Parameters: {"user"=>{"email"=>"asdfasdf", "password"=>"[FILTERED]"}}
  Rendering users/index.html.erb within layouts/application
  Rendered users/index.html.erb within layouts/application (0.5ms)
Completed 200 OK in 36ms (Views: 35.2ms | ActiveRecord: 0.0ms)


Started GET "/users/new" for ::1 at 2019-10-01 15:29:48 -0700
Processing by UsersController#new as HTML
  Rendering users/new.html.erb within layouts/application
  Rendered users/new.html.erb within layouts/application (0.6ms)
Completed 200 OK in 29ms (Views: 25.8ms | ActiveRecord: 0.0ms)


Started GET "/users/new" for ::1 at 2019-10-01 15:30:36 -0700
Processing by UsersController#new as HTML
  Rendering users/new.html.erb within layouts/application
  Rendered users/new.html.erb within layouts/application (0.6ms)
Completed 200 OK in 27ms (Views: 25.0ms | ActiveRecord: 0.0ms)


Started GET "/users/new" for ::1 at 2019-10-01 15:30:39 -0700
Processing by UsersController#new as HTML
  Rendering users/new.html.erb within layouts/application
  Rendered users/new.html.erb within layouts/application (0.6ms)
Completed 200 OK in 30ms (Views: 27.8ms | ActiveRecord: 0.0ms)


Started GET "/users/new" for ::1 at 2019-10-01 15:30:39 -0700
Processing by UsersController#new as HTML
  Rendering users/new.html.erb within layouts/application
  Rendered users/new.html.erb within layouts/application (0.8ms)
Completed 200 OK in 33ms (Views: 30.9ms | ActiveRecord: 0.0ms)


Started GET "/users?user%5Bemail%5D=fdsafsd&user%5Bpassword%5D=[FILTERED]" for ::1 at 2019-10-01 15:30:42 -0700
Processing by UsersController#index as HTML
  Parameters: {"user"=>{"email"=>"fdsafsd", "password"=>"[FILTERED]"}}
  Rendering users/index.html.erb within layouts/application
  Rendered users/index.html.erb within layouts/application (0.4ms)
Completed 200 OK in 33ms (Views: 28.6ms | ActiveRecord: 0.0ms)


Started GET "/users/new" for ::1 at 2019-10-01 15:30:44 -0700
Processing by UsersController#new as HTML
  Rendering users/new.html.erb within layouts/application
  Rendered users/new.html.erb within layouts/application (0.6ms)
Completed 200 OK in 30ms (Views: 27.5ms | ActiveRecord: 0.0ms)


Started GET "/users/new" for ::1 at 2019-10-01 15:32:28 -0700
Processing by UsersController#new as HTML
  Rendering users/new.html.erb within layouts/application
  Rendered users/new.html.erb within layouts/application (0.6ms)
Completed 200 OK in 26ms (Views: 23.9ms | ActiveRecord: 0.0ms)


Started GET "/users?user%5Bemail%5D=asdfdasf&user%5Bpassword%5D=[FILTERED]" for ::1 at 2019-10-01 15:32:32 -0700
Processing by UsersController#index as HTML
  Parameters: {"user"=>{"email"=>"asdfdasf", "password"=>"[FILTERED]"}}
  Rendering users/index.html.erb within layouts/application
  Rendered users/index.html.erb within layouts/application (0.4ms)
Completed 200 OK in 30ms (Views: 24.8ms | ActiveRecord: 0.0ms)


Started GET "/users/new" for ::1 at 2019-10-01 15:32:33 -0700
Processing by UsersController#new as HTML
  Rendering users/new.html.erb within layouts/application
  Rendered users/new.html.erb within layouts/application (0.7ms)
Completed 200 OK in 26ms (Views: 23.6ms | ActiveRecord: 0.0ms)


Started GET "/users?user%5Bemail%5D=ahjdvjhadfjh&user%5Bpassword%5D=[FILTERED]" for ::1 at 2019-10-01 15:33:05 -0700
Processing by UsersController#index as HTML
  Parameters: {"user"=>{"email"=>"ahjdvjhadfjh", "password"=>"[FILTERED]"}}
  Rendering users/index.html.erb within layouts/application
  Rendered users/index.html.erb within layouts/application (0.4ms)
Completed 200 OK in 23ms (Views: 18.7ms | ActiveRecord: 0.0ms)


Started GET "/users/new" for ::1 at 2019-10-01 15:33:07 -0700
Processing by UsersController#new as HTML
  Rendering users/new.html.erb within layouts/application
  Rendered users/new.html.erb within layouts/application (0.8ms)
Completed 200 OK in 27ms (Views: 24.6ms | ActiveRecord: 0.0ms)


Started GET "/users/new" for ::1 at 2019-10-01 15:33:08 -0700
Processing by UsersController#new as HTML
  Rendering users/new.html.erb within layouts/application
  Rendered users/new.html.erb within layouts/application (0.7ms)
Completed 200 OK in 29ms (Views: 26.4ms | ActiveRecord: 0.0ms)


Started GET "/users/new" for ::1 at 2019-10-01 15:33:08 -0700
Processing by UsersController#new as HTML
  Rendering users/new.html.erb within layouts/application
  Rendered users/new.html.erb within layouts/application (0.7ms)
Completed 200 OK in 27ms (Views: 24.3ms | ActiveRecord: 0.0ms)


Started GET "/users/new" for ::1 at 2019-10-01 15:33:08 -0700
Processing by UsersController#new as HTML
  Rendering users/new.html.erb within layouts/application
  Rendered users/new.html.erb within layouts/application (0.7ms)
Completed 200 OK in 28ms (Views: 24.6ms | ActiveRecord: 0.0ms)


Started GET "/users/new" for ::1 at 2019-10-01 15:33:08 -0700
Processing by UsersController#new as HTML
  Rendering users/new.html.erb within layouts/application
  Rendered users/new.html.erb within layouts/application (2.6ms)
Completed 200 OK in 30ms (Views: 27.7ms | ActiveRecord: 0.0ms)


Started GET "/users/new" for ::1 at 2019-10-01 15:33:09 -0700
Processing by UsersController#new as HTML
  Rendering users/new.html.erb within layouts/application
  Rendered users/new.html.erb within layouts/application (0.7ms)
Completed 200 OK in 33ms (Views: 30.8ms | ActiveRecord: 0.0ms)


Started GET "/users/new" for ::1 at 2019-10-01 15:33:09 -0700
Processing by UsersController#new as HTML
  Rendering users/new.html.erb within layouts/application
  Rendered users/new.html.erb within layouts/application (0.6ms)
Completed 200 OK in 28ms (Views: 25.1ms | ActiveRecord: 0.0ms)


Started GET "/users/new" for ::1 at 2019-10-01 15:33:09 -0700
Processing by UsersController#new as HTML
  Rendering users/new.html.erb within layouts/application
  Rendered users/new.html.erb within layouts/application (0.8ms)
Completed 200 OK in 27ms (Views: 24.0ms | ActiveRecord: 0.0ms)


Started GET "/users/new" for ::1 at 2019-10-01 15:33:09 -0700
Processing by UsersController#new as HTML
  Rendering users/new.html.erb within layouts/application
  Rendered users/new.html.erb within layouts/application (0.9ms)
Completed 200 OK in 28ms (Views: 25.4ms | ActiveRecord: 0.0ms)


Started GET "/users/new" for ::1 at 2019-10-01 15:33:09 -0700
Processing by UsersController#new as HTML
  Rendering users/new.html.erb within layouts/application
  Rendered users/new.html.erb within layouts/application (0.6ms)
Completed 200 OK in 23ms (Views: 20.3ms | ActiveRecord: 0.0ms)


Started GET "/users/new" for ::1 at 2019-10-01 15:33:09 -0700
Processing by UsersController#new as HTML
  Rendering users/new.html.erb within layouts/application
  Rendered users/new.html.erb within layouts/application (0.6ms)
Completed 200 OK in 26ms (Views: 23.0ms | ActiveRecord: 0.0ms)


  [1m[36mUser Load (0.8ms)[0m  [1m[34mSELECT  "users".* FROM "users" LIMIT $1[0m  [["LIMIT", 11]]
Started GET "/users?user%5Bemail%5D=asdfasdf&user%5Bpassword%5D=[FILTERED]" for ::1 at 2019-10-01 15:35:02 -0700
Processing by UsersController#index as HTML
  Parameters: {"user"=>{"email"=>"asdfasdf", "password"=>"[FILTERED]"}}
  Rendering users/index.html.erb within layouts/application
  Rendered users/index.html.erb within layouts/application (0.4ms)
Completed 200 OK in 25ms (Views: 24.8ms | ActiveRecord: 0.0ms)


Started GET "/users/new" for ::1 at 2019-10-01 15:35:08 -0700
Processing by UsersController#new as HTML
  Rendering users/new.html.erb within layouts/application
  Rendered users/new.html.erb within layouts/application (0.9ms)
Completed 200 OK in 29ms (Views: 26.9ms | ActiveRecord: 0.0ms)


Started GET "/users?user%5Bemail%5D=friedn%40aa.io&user%5Bpassword%5D=[FILTERED]" for ::1 at 2019-10-01 15:35:17 -0700
Processing by UsersController#index as HTML
  Parameters: {"user"=>{"email"=>"friedn@aa.io", "password"=>"[FILTERED]"}}
  Rendering users/index.html.erb within layouts/application
  Rendered users/index.html.erb within layouts/application (0.4ms)
Completed 200 OK in 24ms (Views: 23.7ms | ActiveRecord: 0.0ms)


  [1m[36mUser Load (0.6ms)[0m  [1m[34mSELECT  "users".* FROM "users" LIMIT $1[0m  [["LIMIT", 11]]
Started GET "/users/new" for ::1 at 2019-10-01 15:37:41 -0700
Processing by UsersController#new as HTML
  Rendering users/new.html.erb within layouts/application
  Rendered users/new.html.erb within layouts/application (0.6ms)
Completed 200 OK in 27ms (Views: 24.2ms | ActiveRecord: 0.0ms)


Started GET "/users?user%5Bemail%5D=32fwdv&user%5Bpassword%5D=[FILTERED]" for ::1 at 2019-10-01 15:37:44 -0700
Processing by UsersController#index as HTML
  Parameters: {"user"=>{"email"=>"32fwdv", "password"=>"[FILTERED]"}}
  Rendering users/index.html.erb within layouts/application
  Rendered users/index.html.erb within layouts/application (0.4ms)
Completed 200 OK in 28ms (Views: 23.0ms | ActiveRecord: 0.0ms)


Started GET "/users?user%5Bemail%5D=32fwdv&user%5Bpassword%5D=[FILTERED]" for ::1 at 2019-10-01 15:43:08 -0700
Processing by UsersController#index as HTML
  Parameters: {"user"=>{"email"=>"32fwdv", "password"=>"[FILTERED]"}}
  Rendering users/index.html.erb within layouts/application
  Rendered users/index.html.erb within layouts/application (0.4ms)
Completed 200 OK in 28ms (Views: 24.3ms | ActiveRecord: 0.0ms)


Started GET "/users/new" for ::1 at 2019-10-01 15:43:09 -0700
Processing by UsersController#new as HTML
  Rendering users/new.html.erb within layouts/application
  Rendered users/new.html.erb within layouts/application (0.6ms)
Completed 200 OK in 25ms (Views: 22.5ms | ActiveRecord: 0.0ms)


Started GET "/users/new" for ::1 at 2019-10-01 15:43:15 -0700
Processing by UsersController#new as HTML
  Rendering users/new.html.erb within layouts/application
  Rendered users/new.html.erb within layouts/application (1.0ms)
Completed 200 OK in 47ms (Views: 44.2ms | ActiveRecord: 0.0ms)


Started GET "/users/index" for ::1 at 2019-10-01 15:43:17 -0700
  
AbstractController::ActionNotFound (The action 'show' could not be found for UsersController):
  
actionpack (5.2.3) lib/abstract_controller/base.rb:129:in `process'
actionview (5.2.3) lib/action_view/rendering.rb:32:in `process'
actionpack (5.2.3) lib/action_controller/metal.rb:191:in `dispatch'
actionpack (5.2.3) lib/action_controller/metal.rb:252:in `dispatch'
actionpack (5.2.3) lib/action_dispatch/routing/route_set.rb:52:in `dispatch'
actionpack (5.2.3) lib/action_dispatch/routing/route_set.rb:34:in `serve'
actionpack (5.2.3) lib/action_dispatch/journey/router.rb:52:in `block in serve'
actionpack (5.2.3) lib/action_dispatch/journey/router.rb:35:in `each'
actionpack (5.2.3) lib/action_dispatch/journey/router.rb:35:in `serve'
actionpack (5.2.3) lib/action_dispatch/routing/route_set.rb:840:in `call'
rack (2.0.7) lib/rack/tempfile_reaper.rb:15:in `call'
rack (2.0.7) lib/rack/etag.rb:25:in `call'
rack (2.0.7) lib/rack/conditional_get.rb:25:in `call'
rack (2.0.7) lib/rack/head.rb:12:in `call'
actionpack (5.2.3) lib/action_dispatch/http/content_security_policy.rb:18:in `call'
rack (2.0.7) lib/rack/session/abstract/id.rb:232:in `context'
rack (2.0.7) lib/rack/session/abstract/id.rb:226:in `call'
actionpack (5.2.3) lib/action_dispatch/middleware/cookies.rb:670:in `call'
activerecord (5.2.3) lib/active_record/migration.rb:559:in `call'
actionpack (5.2.3) lib/action_dispatch/middleware/callbacks.rb:28:in `block in call'
activesupport (5.2.3) lib/active_support/callbacks.rb:98:in `run_callbacks'
actionpack (5.2.3) lib/action_dispatch/middleware/callbacks.rb:26:in `call'
actionpack (5.2.3) lib/action_dispatch/middleware/executor.rb:14:in `call'
actionpack (5.2.3) lib/action_dispatch/middleware/debug_exceptions.rb:61:in `call'
web-console (3.7.0) lib/web_console/middleware.rb:135:in `call_app'
web-console (3.7.0) lib/web_console/middleware.rb:30:in `block in call'
web-console (3.7.0) lib/web_console/middleware.rb:20:in `catch'
web-console (3.7.0) lib/web_console/middleware.rb:20:in `call'
actionpack (5.2.3) lib/action_dispatch/middleware/show_exceptions.rb:33:in `call'
railties (5.2.3) lib/rails/rack/logger.rb:38:in `call_app'
railties (5.2.3) lib/rails/rack/logger.rb:26:in `block in call'
activesupport (5.2.3) lib/active_support/tagged_logging.rb:71:in `block in tagged'
activesupport (5.2.3) lib/active_support/tagged_logging.rb:28:in `tagged'
activesupport (5.2.3) lib/active_support/tagged_logging.rb:71:in `tagged'
railties (5.2.3) lib/rails/rack/logger.rb:26:in `call'
sprockets-rails (3.2.1) lib/sprockets/rails/quiet_assets.rb:13:in `call'
actionpack (5.2.3) lib/action_dispatch/middleware/remote_ip.rb:81:in `call'
actionpack (5.2.3) lib/action_dispatch/middleware/request_id.rb:27:in `call'
rack (2.0.7) lib/rack/method_override.rb:22:in `call'
rack (2.0.7) lib/rack/runtime.rb:22:in `call'
activesupport (5.2.3) lib/active_support/cache/strategy/local_cache_middleware.rb:29:in `call'
actionpack (5.2.3) lib/action_dispatch/middleware/executor.rb:14:in `call'
actionpack (5.2.3) lib/action_dispatch/middleware/static.rb:127:in `call'
rack (2.0.7) lib/rack/sendfile.rb:111:in `call'
railties (5.2.3) lib/rails/engine.rb:524:in `call'
puma (3.12.1) lib/puma/configuration.rb:227:in `call'
puma (3.12.1) lib/puma/server.rb:660:in `handle_request'
puma (3.12.1) lib/puma/server.rb:474:in `process_client'
puma (3.12.1) lib/puma/server.rb:334:in `block in run'
puma (3.12.1) lib/puma/thread_pool.rb:135:in `block in spawn_thread'
Started POST "/users" for ::1 at 2019-10-01 15:43:28 -0700
Processing by UsersController#create as HTML
  Parameters: {"user"=>{"email"=>"zed", "password"=>"[FILTERED]"}}
Can't verify CSRF token authenticity.
Completed 422 Unprocessable Entity in 1ms (ActiveRecord: 0.0ms)


  
ActionController::InvalidAuthenticityToken (ActionController::InvalidAuthenticityToken):
  
actionpack (5.2.3) lib/action_controller/metal/request_forgery_protection.rb:211:in `handle_unverified_request'
actionpack (5.2.3) lib/action_controller/metal/request_forgery_protection.rb:243:in `handle_unverified_request'
actionpack (5.2.3) lib/action_controller/metal/request_forgery_protection.rb:238:in `verify_authenticity_token'
activesupport (5.2.3) lib/active_support/callbacks.rb:426:in `block in make_lambda'
activesupport (5.2.3) lib/active_support/callbacks.rb:198:in `block (2 levels) in halting'
actionpack (5.2.3) lib/abstract_controller/callbacks.rb:34:in `block (2 levels) in <module:Callbacks>'
activesupport (5.2.3) lib/active_support/callbacks.rb:199:in `block in halting'
activesupport (5.2.3) lib/active_support/callbacks.rb:513:in `block in invoke_before'
activesupport (5.2.3) lib/active_support/callbacks.rb:513:in `each'
activesupport (5.2.3) lib/active_support/callbacks.rb:513:in `invoke_before'
activesupport (5.2.3) lib/active_support/callbacks.rb:131:in `run_callbacks'
actionpack (5.2.3) lib/abstract_controller/callbacks.rb:41:in `process_action'
actionpack (5.2.3) lib/action_controller/metal/rescue.rb:22:in `process_action'
actionpack (5.2.3) lib/action_controller/metal/instrumentation.rb:34:in `block in process_action'
activesupport (5.2.3) lib/active_support/notifications.rb:168:in `block in instrument'
activesupport (5.2.3) lib/active_support/notifications/instrumenter.rb:23:in `instrument'
activesupport (5.2.3) lib/active_support/notifications.rb:168:in `instrument'
actionpack (5.2.3) lib/action_controller/metal/instrumentation.rb:32:in `process_action'
actionpack (5.2.3) lib/action_controller/metal/params_wrapper.rb:256:in `process_action'
activerecord (5.2.3) lib/active_record/railties/controller_runtime.rb:24:in `process_action'
actionpack (5.2.3) lib/abstract_controller/base.rb:134:in `process'
actionview (5.2.3) lib/action_view/rendering.rb:32:in `process'
actionpack (5.2.3) lib/action_controller/metal.rb:191:in `dispatch'
actionpack (5.2.3) lib/action_controller/metal.rb:252:in `dispatch'
actionpack (5.2.3) lib/action_dispatch/routing/route_set.rb:52:in `dispatch'
actionpack (5.2.3) lib/action_dispatch/routing/route_set.rb:34:in `serve'
actionpack (5.2.3) lib/action_dispatch/journey/router.rb:52:in `block in serve'
actionpack (5.2.3) lib/action_dispatch/journey/router.rb:35:in `each'
actionpack (5.2.3) lib/action_dispatch/journey/router.rb:35:in `serve'
actionpack (5.2.3) lib/action_dispatch/routing/route_set.rb:840:in `call'
rack (2.0.7) lib/rack/tempfile_reaper.rb:15:in `call'
rack (2.0.7) lib/rack/etag.rb:25:in `call'
rack (2.0.7) lib/rack/conditional_get.rb:38:in `call'
rack (2.0.7) lib/rack/head.rb:12:in `call'
actionpack (5.2.3) lib/action_dispatch/http/content_security_policy.rb:18:in `call'
rack (2.0.7) lib/rack/session/abstract/id.rb:232:in `context'
rack (2.0.7) lib/rack/session/abstract/id.rb:226:in `call'
actionpack (5.2.3) lib/action_dispatch/middleware/cookies.rb:670:in `call'
activerecord (5.2.3) lib/active_record/migration.rb:559:in `call'
actionpack (5.2.3) lib/action_dispatch/middleware/callbacks.rb:28:in `block in call'
activesupport (5.2.3) lib/active_support/callbacks.rb:98:in `run_callbacks'
actionpack (5.2.3) lib/action_dispatch/middleware/callbacks.rb:26:in `call'
actionpack (5.2.3) lib/action_dispatch/middleware/executor.rb:14:in `call'
actionpack (5.2.3) lib/action_dispatch/middleware/debug_exceptions.rb:61:in `call'
web-console (3.7.0) lib/web_console/middleware.rb:135:in `call_app'
web-console (3.7.0) lib/web_console/middleware.rb:30:in `block in call'
web-console (3.7.0) lib/web_console/middleware.rb:20:in `catch'
web-console (3.7.0) lib/web_console/middleware.rb:20:in `call'
actionpack (5.2.3) lib/action_dispatch/middleware/show_exceptions.rb:33:in `call'
railties (5.2.3) lib/rails/rack/logger.rb:38:in `call_app'
railties (5.2.3) lib/rails/rack/logger.rb:26:in `block in call'
activesupport (5.2.3) lib/active_support/tagged_logging.rb:71:in `block in tagged'
activesupport (5.2.3) lib/active_support/tagged_logging.rb:28:in `tagged'
activesupport (5.2.3) lib/active_support/tagged_logging.rb:71:in `tagged'
railties (5.2.3) lib/rails/rack/logger.rb:26:in `call'
sprockets-rails (3.2.1) lib/sprockets/rails/quiet_assets.rb:13:in `call'
actionpack (5.2.3) lib/action_dispatch/middleware/remote_ip.rb:81:in `call'
actionpack (5.2.3) lib/action_dispatch/middleware/request_id.rb:27:in `call'
rack (2.0.7) lib/rack/method_override.rb:22:in `call'
rack (2.0.7) lib/rack/runtime.rb:22:in `call'
activesupport (5.2.3) lib/active_support/cache/strategy/local_cache_middleware.rb:29:in `call'
actionpack (5.2.3) lib/action_dispatch/middleware/executor.rb:14:in `call'
actionpack (5.2.3) lib/action_dispatch/middleware/static.rb:127:in `call'
rack (2.0.7) lib/rack/sendfile.rb:111:in `call'
railties (5.2.3) lib/rails/engine.rb:524:in `call'
puma (3.12.1) lib/puma/configuration.rb:227:in `call'
puma (3.12.1) lib/puma/server.rb:660:in `handle_request'
puma (3.12.1) lib/puma/server.rb:474:in `process_client'
puma (3.12.1) lib/puma/server.rb:334:in `block in run'
puma (3.12.1) lib/puma/thread_pool.rb:135:in `block in spawn_thread'
Started POST "/users" for ::1 at 2019-10-01 16:14:16 -0700
Processing by UsersController#create as HTML
  Parameters: {"user"=>{"email"=>"zed", "password"=>"[FILTERED]"}}
Can't verify CSRF token authenticity.
Completed 422 Unprocessable Entity in 1ms (ActiveRecord: 0.0ms)


  
ActionController::InvalidAuthenticityToken (ActionController::InvalidAuthenticityToken):
  
actionpack (5.2.3) lib/action_controller/metal/request_forgery_protection.rb:211:in `handle_unverified_request'
actionpack (5.2.3) lib/action_controller/metal/request_forgery_protection.rb:243:in `handle_unverified_request'
actionpack (5.2.3) lib/action_controller/metal/request_forgery_protection.rb:238:in `verify_authenticity_token'
activesupport (5.2.3) lib/active_support/callbacks.rb:426:in `block in make_lambda'
activesupport (5.2.3) lib/active_support/callbacks.rb:198:in `block (2 levels) in halting'
actionpack (5.2.3) lib/abstract_controller/callbacks.rb:34:in `block (2 levels) in <module:Callbacks>'
activesupport (5.2.3) lib/active_support/callbacks.rb:199:in `block in halting'
activesupport (5.2.3) lib/active_support/callbacks.rb:513:in `block in invoke_before'
activesupport (5.2.3) lib/active_support/callbacks.rb:513:in `each'
activesupport (5.2.3) lib/active_support/callbacks.rb:513:in `invoke_before'
activesupport (5.2.3) lib/active_support/callbacks.rb:131:in `run_callbacks'
actionpack (5.2.3) lib/abstract_controller/callbacks.rb:41:in `process_action'
actionpack (5.2.3) lib/action_controller/metal/rescue.rb:22:in `process_action'
actionpack (5.2.3) lib/action_controller/metal/instrumentation.rb:34:in `block in process_action'
activesupport (5.2.3) lib/active_support/notifications.rb:168:in `block in instrument'
activesupport (5.2.3) lib/active_support/notifications/instrumenter.rb:23:in `instrument'
activesupport (5.2.3) lib/active_support/notifications.rb:168:in `instrument'
actionpack (5.2.3) lib/action_controller/metal/instrumentation.rb:32:in `process_action'
actionpack (5.2.3) lib/action_controller/metal/params_wrapper.rb:256:in `process_action'
activerecord (5.2.3) lib/active_record/railties/controller_runtime.rb:24:in `process_action'
actionpack (5.2.3) lib/abstract_controller/base.rb:134:in `process'
actionview (5.2.3) lib/action_view/rendering.rb:32:in `process'
actionpack (5.2.3) lib/action_controller/metal.rb:191:in `dispatch'
actionpack (5.2.3) lib/action_controller/metal.rb:252:in `dispatch'
actionpack (5.2.3) lib/action_dispatch/routing/route_set.rb:52:in `dispatch'
actionpack (5.2.3) lib/action_dispatch/routing/route_set.rb:34:in `serve'
actionpack (5.2.3) lib/action_dispatch/journey/router.rb:52:in `block in serve'
actionpack (5.2.3) lib/action_dispatch/journey/router.rb:35:in `each'
actionpack (5.2.3) lib/action_dispatch/journey/router.rb:35:in `serve'
actionpack (5.2.3) lib/action_dispatch/routing/route_set.rb:840:in `call'
rack (2.0.7) lib/rack/tempfile_reaper.rb:15:in `call'
rack (2.0.7) lib/rack/etag.rb:25:in `call'
rack (2.0.7) lib/rack/conditional_get.rb:38:in `call'
rack (2.0.7) lib/rack/head.rb:12:in `call'
actionpack (5.2.3) lib/action_dispatch/http/content_security_policy.rb:18:in `call'
rack (2.0.7) lib/rack/session/abstract/id.rb:232:in `context'
rack (2.0.7) lib/rack/session/abstract/id.rb:226:in `call'
actionpack (5.2.3) lib/action_dispatch/middleware/cookies.rb:670:in `call'
activerecord (5.2.3) lib/active_record/migration.rb:559:in `call'
actionpack (5.2.3) lib/action_dispatch/middleware/callbacks.rb:28:in `block in call'
activesupport (5.2.3) lib/active_support/callbacks.rb:98:in `run_callbacks'
actionpack (5.2.3) lib/action_dispatch/middleware/callbacks.rb:26:in `call'
actionpack (5.2.3) lib/action_dispatch/middleware/executor.rb:14:in `call'
actionpack (5.2.3) lib/action_dispatch/middleware/debug_exceptions.rb:61:in `call'
web-console (3.7.0) lib/web_console/middleware.rb:135:in `call_app'
web-console (3.7.0) lib/web_console/middleware.rb:30:in `block in call'
web-console (3.7.0) lib/web_console/middleware.rb:20:in `catch'
web-console (3.7.0) lib/web_console/middleware.rb:20:in `call'
actionpack (5.2.3) lib/action_dispatch/middleware/show_exceptions.rb:33:in `call'
railties (5.2.3) lib/rails/rack/logger.rb:38:in `call_app'
railties (5.2.3) lib/rails/rack/logger.rb:26:in `block in call'
activesupport (5.2.3) lib/active_support/tagged_logging.rb:71:in `block in tagged'
activesupport (5.2.3) lib/active_support/tagged_logging.rb:28:in `tagged'
activesupport (5.2.3) lib/active_support/tagged_logging.rb:71:in `tagged'
railties (5.2.3) lib/rails/rack/logger.rb:26:in `call'
sprockets-rails (3.2.1) lib/sprockets/rails/quiet_assets.rb:13:in `call'
actionpack (5.2.3) lib/action_dispatch/middleware/remote_ip.rb:81:in `call'
actionpack (5.2.3) lib/action_dispatch/middleware/request_id.rb:27:in `call'
rack (2.0.7) lib/rack/method_override.rb:22:in `call'
rack (2.0.7) lib/rack/runtime.rb:22:in `call'
activesupport (5.2.3) lib/active_support/cache/strategy/local_cache_middleware.rb:29:in `call'
actionpack (5.2.3) lib/action_dispatch/middleware/executor.rb:14:in `call'
actionpack (5.2.3) lib/action_dispatch/middleware/static.rb:127:in `call'
rack (2.0.7) lib/rack/sendfile.rb:111:in `call'
railties (5.2.3) lib/rails/engine.rb:524:in `call'
puma (3.12.1) lib/puma/configuration.rb:227:in `call'
puma (3.12.1) lib/puma/server.rb:660:in `handle_request'
puma (3.12.1) lib/puma/server.rb:474:in `process_client'
puma (3.12.1) lib/puma/server.rb:334:in `block in run'
puma (3.12.1) lib/puma/thread_pool.rb:135:in `block in spawn_thread'
Started POST "/users" for ::1 at 2019-10-01 16:15:21 -0700
Processing by UsersController#create as HTML
  Parameters: {"user"=>{"email"=>"zed", "password"=>"[FILTERED]"}}
Can't verify CSRF token authenticity.
Completed 422 Unprocessable Entity in 1ms (ActiveRecord: 0.0ms)


  
ActionController::InvalidAuthenticityToken (ActionController::InvalidAuthenticityToken):
  
actionpack (5.2.3) lib/action_controller/metal/request_forgery_protection.rb:211:in `handle_unverified_request'
actionpack (5.2.3) lib/action_controller/metal/request_forgery_protection.rb:243:in `handle_unverified_request'
actionpack (5.2.3) lib/action_controller/metal/request_forgery_protection.rb:238:in `verify_authenticity_token'
activesupport (5.2.3) lib/active_support/callbacks.rb:426:in `block in make_lambda'
activesupport (5.2.3) lib/active_support/callbacks.rb:198:in `block (2 levels) in halting'
actionpack (5.2.3) lib/abstract_controller/callbacks.rb:34:in `block (2 levels) in <module:Callbacks>'
activesupport (5.2.3) lib/active_support/callbacks.rb:199:in `block in halting'
activesupport (5.2.3) lib/active_support/callbacks.rb:513:in `block in invoke_before'
activesupport (5.2.3) lib/active_support/callbacks.rb:513:in `each'
activesupport (5.2.3) lib/active_support/callbacks.rb:513:in `invoke_before'
activesupport (5.2.3) lib/active_support/callbacks.rb:131:in `run_callbacks'
actionpack (5.2.3) lib/abstract_controller/callbacks.rb:41:in `process_action'
actionpack (5.2.3) lib/action_controller/metal/rescue.rb:22:in `process_action'
actionpack (5.2.3) lib/action_controller/metal/instrumentation.rb:34:in `block in process_action'
activesupport (5.2.3) lib/active_support/notifications.rb:168:in `block in instrument'
activesupport (5.2.3) lib/active_support/notifications/instrumenter.rb:23:in `instrument'
activesupport (5.2.3) lib/active_support/notifications.rb:168:in `instrument'
actionpack (5.2.3) lib/action_controller/metal/instrumentation.rb:32:in `process_action'
actionpack (5.2.3) lib/action_controller/metal/params_wrapper.rb:256:in `process_action'
activerecord (5.2.3) lib/active_record/railties/controller_runtime.rb:24:in `process_action'
actionpack (5.2.3) lib/abstract_controller/base.rb:134:in `process'
actionview (5.2.3) lib/action_view/rendering.rb:32:in `process'
actionpack (5.2.3) lib/action_controller/metal.rb:191:in `dispatch'
actionpack (5.2.3) lib/action_controller/metal.rb:252:in `dispatch'
actionpack (5.2.3) lib/action_dispatch/routing/route_set.rb:52:in `dispatch'
actionpack (5.2.3) lib/action_dispatch/routing/route_set.rb:34:in `serve'
actionpack (5.2.3) lib/action_dispatch/journey/router.rb:52:in `block in serve'
actionpack (5.2.3) lib/action_dispatch/journey/router.rb:35:in `each'
actionpack (5.2.3) lib/action_dispatch/journey/router.rb:35:in `serve'
actionpack (5.2.3) lib/action_dispatch/routing/route_set.rb:840:in `call'
rack (2.0.7) lib/rack/tempfile_reaper.rb:15:in `call'
rack (2.0.7) lib/rack/etag.rb:25:in `call'
rack (2.0.7) lib/rack/conditional_get.rb:38:in `call'
rack (2.0.7) lib/rack/head.rb:12:in `call'
actionpack (5.2.3) lib/action_dispatch/http/content_security_policy.rb:18:in `call'
rack (2.0.7) lib/rack/session/abstract/id.rb:232:in `context'
rack (2.0.7) lib/rack/session/abstract/id.rb:226:in `call'
actionpack (5.2.3) lib/action_dispatch/middleware/cookies.rb:670:in `call'
activerecord (5.2.3) lib/active_record/migration.rb:559:in `call'
actionpack (5.2.3) lib/action_dispatch/middleware/callbacks.rb:28:in `block in call'
activesupport (5.2.3) lib/active_support/callbacks.rb:98:in `run_callbacks'
actionpack (5.2.3) lib/action_dispatch/middleware/callbacks.rb:26:in `call'
actionpack (5.2.3) lib/action_dispatch/middleware/executor.rb:14:in `call'
actionpack (5.2.3) lib/action_dispatch/middleware/debug_exceptions.rb:61:in `call'
web-console (3.7.0) lib/web_console/middleware.rb:135:in `call_app'
web-console (3.7.0) lib/web_console/middleware.rb:30:in `block in call'
web-console (3.7.0) lib/web_console/middleware.rb:20:in `catch'
web-console (3.7.0) lib/web_console/middleware.rb:20:in `call'
actionpack (5.2.3) lib/action_dispatch/middleware/show_exceptions.rb:33:in `call'
railties (5.2.3) lib/rails/rack/logger.rb:38:in `call_app'
railties (5.2.3) lib/rails/rack/logger.rb:26:in `block in call'
activesupport (5.2.3) lib/active_support/tagged_logging.rb:71:in `block in tagged'
activesupport (5.2.3) lib/active_support/tagged_logging.rb:28:in `tagged'
activesupport (5.2.3) lib/active_support/tagged_logging.rb:71:in `tagged'
railties (5.2.3) lib/rails/rack/logger.rb:26:in `call'
sprockets-rails (3.2.1) lib/sprockets/rails/quiet_assets.rb:13:in `call'
actionpack (5.2.3) lib/action_dispatch/middleware/remote_ip.rb:81:in `call'
actionpack (5.2.3) lib/action_dispatch/middleware/request_id.rb:27:in `call'
rack (2.0.7) lib/rack/method_override.rb:22:in `call'
rack (2.0.7) lib/rack/runtime.rb:22:in `call'
activesupport (5.2.3) lib/active_support/cache/strategy/local_cache_middleware.rb:29:in `call'
actionpack (5.2.3) lib/action_dispatch/middleware/executor.rb:14:in `call'
actionpack (5.2.3) lib/action_dispatch/middleware/static.rb:127:in `call'
rack (2.0.7) lib/rack/sendfile.rb:111:in `call'
railties (5.2.3) lib/rails/engine.rb:524:in `call'
puma (3.12.1) lib/puma/configuration.rb:227:in `call'
puma (3.12.1) lib/puma/server.rb:660:in `handle_request'
puma (3.12.1) lib/puma/server.rb:474:in `process_client'
puma (3.12.1) lib/puma/server.rb:334:in `block in run'
puma (3.12.1) lib/puma/thread_pool.rb:135:in `block in spawn_thread'
Started POST "/users" for ::1 at 2019-10-01 16:16:55 -0700
Processing by UsersController#create as HTML
  Parameters: {"user"=>{"email"=>"zed", "password"=>"[FILTERED]"}}
Can't verify CSRF token authenticity.
Completed 422 Unprocessable Entity in 1ms (ActiveRecord: 0.0ms)


  
ActionController::InvalidAuthenticityToken (ActionController::InvalidAuthenticityToken):
  
actionpack (5.2.3) lib/action_controller/metal/request_forgery_protection.rb:211:in `handle_unverified_request'
actionpack (5.2.3) lib/action_controller/metal/request_forgery_protection.rb:243:in `handle_unverified_request'
actionpack (5.2.3) lib/action_controller/metal/request_forgery_protection.rb:238:in `verify_authenticity_token'
activesupport (5.2.3) lib/active_support/callbacks.rb:426:in `block in make_lambda'
activesupport (5.2.3) lib/active_support/callbacks.rb:198:in `block (2 levels) in halting'
actionpack (5.2.3) lib/abstract_controller/callbacks.rb:34:in `block (2 levels) in <module:Callbacks>'
activesupport (5.2.3) lib/active_support/callbacks.rb:199:in `block in halting'
activesupport (5.2.3) lib/active_support/callbacks.rb:513:in `block in invoke_before'
activesupport (5.2.3) lib/active_support/callbacks.rb:513:in `each'
activesupport (5.2.3) lib/active_support/callbacks.rb:513:in `invoke_before'
activesupport (5.2.3) lib/active_support/callbacks.rb:131:in `run_callbacks'
actionpack (5.2.3) lib/abstract_controller/callbacks.rb:41:in `process_action'
actionpack (5.2.3) lib/action_controller/metal/rescue.rb:22:in `process_action'
actionpack (5.2.3) lib/action_controller/metal/instrumentation.rb:34:in `block in process_action'
activesupport (5.2.3) lib/active_support/notifications.rb:168:in `block in instrument'
activesupport (5.2.3) lib/active_support/notifications/instrumenter.rb:23:in `instrument'
activesupport (5.2.3) lib/active_support/notifications.rb:168:in `instrument'
actionpack (5.2.3) lib/action_controller/metal/instrumentation.rb:32:in `process_action'
actionpack (5.2.3) lib/action_controller/metal/params_wrapper.rb:256:in `process_action'
activerecord (5.2.3) lib/active_record/railties/controller_runtime.rb:24:in `process_action'
actionpack (5.2.3) lib/abstract_controller/base.rb:134:in `process'
actionview (5.2.3) lib/action_view/rendering.rb:32:in `process'
actionpack (5.2.3) lib/action_controller/metal.rb:191:in `dispatch'
actionpack (5.2.3) lib/action_controller/metal.rb:252:in `dispatch'
actionpack (5.2.3) lib/action_dispatch/routing/route_set.rb:52:in `dispatch'
actionpack (5.2.3) lib/action_dispatch/routing/route_set.rb:34:in `serve'
actionpack (5.2.3) lib/action_dispatch/journey/router.rb:52:in `block in serve'
actionpack (5.2.3) lib/action_dispatch/journey/router.rb:35:in `each'
actionpack (5.2.3) lib/action_dispatch/journey/router.rb:35:in `serve'
actionpack (5.2.3) lib/action_dispatch/routing/route_set.rb:840:in `call'
rack (2.0.7) lib/rack/tempfile_reaper.rb:15:in `call'
rack (2.0.7) lib/rack/etag.rb:25:in `call'
rack (2.0.7) lib/rack/conditional_get.rb:38:in `call'
rack (2.0.7) lib/rack/head.rb:12:in `call'
actionpack (5.2.3) lib/action_dispatch/http/content_security_policy.rb:18:in `call'
rack (2.0.7) lib/rack/session/abstract/id.rb:232:in `context'
rack (2.0.7) lib/rack/session/abstract/id.rb:226:in `call'
actionpack (5.2.3) lib/action_dispatch/middleware/cookies.rb:670:in `call'
activerecord (5.2.3) lib/active_record/migration.rb:559:in `call'
actionpack (5.2.3) lib/action_dispatch/middleware/callbacks.rb:28:in `block in call'
activesupport (5.2.3) lib/active_support/callbacks.rb:98:in `run_callbacks'
actionpack (5.2.3) lib/action_dispatch/middleware/callbacks.rb:26:in `call'
actionpack (5.2.3) lib/action_dispatch/middleware/executor.rb:14:in `call'
actionpack (5.2.3) lib/action_dispatch/middleware/debug_exceptions.rb:61:in `call'
web-console (3.7.0) lib/web_console/middleware.rb:135:in `call_app'
web-console (3.7.0) lib/web_console/middleware.rb:30:in `block in call'
web-console (3.7.0) lib/web_console/middleware.rb:20:in `catch'
web-console (3.7.0) lib/web_console/middleware.rb:20:in `call'
actionpack (5.2.3) lib/action_dispatch/middleware/show_exceptions.rb:33:in `call'
railties (5.2.3) lib/rails/rack/logger.rb:38:in `call_app'
railties (5.2.3) lib/rails/rack/logger.rb:26:in `block in call'
activesupport (5.2.3) lib/active_support/tagged_logging.rb:71:in `block in tagged'
activesupport (5.2.3) lib/active_support/tagged_logging.rb:28:in `tagged'
activesupport (5.2.3) lib/active_support/tagged_logging.rb:71:in `tagged'
railties (5.2.3) lib/rails/rack/logger.rb:26:in `call'
sprockets-rails (3.2.1) lib/sprockets/rails/quiet_assets.rb:13:in `call'
actionpack (5.2.3) lib/action_dispatch/middleware/remote_ip.rb:81:in `call'
actionpack (5.2.3) lib/action_dispatch/middleware/request_id.rb:27:in `call'
rack (2.0.7) lib/rack/method_override.rb:22:in `call'
rack (2.0.7) lib/rack/runtime.rb:22:in `call'
activesupport (5.2.3) lib/active_support/cache/strategy/local_cache_middleware.rb:29:in `call'
actionpack (5.2.3) lib/action_dispatch/middleware/executor.rb:14:in `call'
actionpack (5.2.3) lib/action_dispatch/middleware/static.rb:127:in `call'
rack (2.0.7) lib/rack/sendfile.rb:111:in `call'
railties (5.2.3) lib/rails/engine.rb:524:in `call'
puma (3.12.1) lib/puma/configuration.rb:227:in `call'
puma (3.12.1) lib/puma/server.rb:660:in `handle_request'
puma (3.12.1) lib/puma/server.rb:474:in `process_client'
puma (3.12.1) lib/puma/server.rb:334:in `block in run'
puma (3.12.1) lib/puma/thread_pool.rb:135:in `block in spawn_thread'
Started POST "/users" for ::1 at 2019-10-01 16:20:47 -0700
Processing by UsersController#create as HTML
  Parameters: {"user"=>{"email"=>"zed", "password"=>"[FILTERED]"}}
Can't verify CSRF token authenticity.
Completed 422 Unprocessable Entity in 1ms (ActiveRecord: 0.0ms)


  
ActionController::InvalidAuthenticityToken (ActionController::InvalidAuthenticityToken):
  
actionpack (5.2.3) lib/action_controller/metal/request_forgery_protection.rb:211:in `handle_unverified_request'
actionpack (5.2.3) lib/action_controller/metal/request_forgery_protection.rb:243:in `handle_unverified_request'
actionpack (5.2.3) lib/action_controller/metal/request_forgery_protection.rb:238:in `verify_authenticity_token'
activesupport (5.2.3) lib/active_support/callbacks.rb:426:in `block in make_lambda'
activesupport (5.2.3) lib/active_support/callbacks.rb:198:in `block (2 levels) in halting'
actionpack (5.2.3) lib/abstract_controller/callbacks.rb:34:in `block (2 levels) in <module:Callbacks>'
activesupport (5.2.3) lib/active_support/callbacks.rb:199:in `block in halting'
activesupport (5.2.3) lib/active_support/callbacks.rb:513:in `block in invoke_before'
activesupport (5.2.3) lib/active_support/callbacks.rb:513:in `each'
activesupport (5.2.3) lib/active_support/callbacks.rb:513:in `invoke_before'
activesupport (5.2.3) lib/active_support/callbacks.rb:131:in `run_callbacks'
actionpack (5.2.3) lib/abstract_controller/callbacks.rb:41:in `process_action'
actionpack (5.2.3) lib/action_controller/metal/rescue.rb:22:in `process_action'
actionpack (5.2.3) lib/action_controller/metal/instrumentation.rb:34:in `block in process_action'
activesupport (5.2.3) lib/active_support/notifications.rb:168:in `block in instrument'
activesupport (5.2.3) lib/active_support/notifications/instrumenter.rb:23:in `instrument'
activesupport (5.2.3) lib/active_support/notifications.rb:168:in `instrument'
actionpack (5.2.3) lib/action_controller/metal/instrumentation.rb:32:in `process_action'
actionpack (5.2.3) lib/action_controller/metal/params_wrapper.rb:256:in `process_action'
activerecord (5.2.3) lib/active_record/railties/controller_runtime.rb:24:in `process_action'
actionpack (5.2.3) lib/abstract_controller/base.rb:134:in `process'
actionview (5.2.3) lib/action_view/rendering.rb:32:in `process'
actionpack (5.2.3) lib/action_controller/metal.rb:191:in `dispatch'
actionpack (5.2.3) lib/action_controller/metal.rb:252:in `dispatch'
actionpack (5.2.3) lib/action_dispatch/routing/route_set.rb:52:in `dispatch'
actionpack (5.2.3) lib/action_dispatch/routing/route_set.rb:34:in `serve'
actionpack (5.2.3) lib/action_dispatch/journey/router.rb:52:in `block in serve'
actionpack (5.2.3) lib/action_dispatch/journey/router.rb:35:in `each'
actionpack (5.2.3) lib/action_dispatch/journey/router.rb:35:in `serve'
actionpack (5.2.3) lib/action_dispatch/routing/route_set.rb:840:in `call'
rack (2.0.7) lib/rack/tempfile_reaper.rb:15:in `call'
rack (2.0.7) lib/rack/etag.rb:25:in `call'
rack (2.0.7) lib/rack/conditional_get.rb:38:in `call'
rack (2.0.7) lib/rack/head.rb:12:in `call'
actionpack (5.2.3) lib/action_dispatch/http/content_security_policy.rb:18:in `call'
rack (2.0.7) lib/rack/session/abstract/id.rb:232:in `context'
rack (2.0.7) lib/rack/session/abstract/id.rb:226:in `call'
actionpack (5.2.3) lib/action_dispatch/middleware/cookies.rb:670:in `call'
activerecord (5.2.3) lib/active_record/migration.rb:559:in `call'
actionpack (5.2.3) lib/action_dispatch/middleware/callbacks.rb:28:in `block in call'
activesupport (5.2.3) lib/active_support/callbacks.rb:98:in `run_callbacks'
actionpack (5.2.3) lib/action_dispatch/middleware/callbacks.rb:26:in `call'
actionpack (5.2.3) lib/action_dispatch/middleware/executor.rb:14:in `call'
actionpack (5.2.3) lib/action_dispatch/middleware/debug_exceptions.rb:61:in `call'
web-console (3.7.0) lib/web_console/middleware.rb:135:in `call_app'
web-console (3.7.0) lib/web_console/middleware.rb:30:in `block in call'
web-console (3.7.0) lib/web_console/middleware.rb:20:in `catch'
web-console (3.7.0) lib/web_console/middleware.rb:20:in `call'
actionpack (5.2.3) lib/action_dispatch/middleware/show_exceptions.rb:33:in `call'
railties (5.2.3) lib/rails/rack/logger.rb:38:in `call_app'
railties (5.2.3) lib/rails/rack/logger.rb:26:in `block in call'
activesupport (5.2.3) lib/active_support/tagged_logging.rb:71:in `block in tagged'
activesupport (5.2.3) lib/active_support/tagged_logging.rb:28:in `tagged'
activesupport (5.2.3) lib/active_support/tagged_logging.rb:71:in `tagged'
railties (5.2.3) lib/rails/rack/logger.rb:26:in `call'
sprockets-rails (3.2.1) lib/sprockets/rails/quiet_assets.rb:13:in `call'
actionpack (5.2.3) lib/action_dispatch/middleware/remote_ip.rb:81:in `call'
actionpack (5.2.3) lib/action_dispatch/middleware/request_id.rb:27:in `call'
rack (2.0.7) lib/rack/method_override.rb:22:in `call'
rack (2.0.7) lib/rack/runtime.rb:22:in `call'
activesupport (5.2.3) lib/active_support/cache/strategy/local_cache_middleware.rb:29:in `call'
actionpack (5.2.3) lib/action_dispatch/middleware/executor.rb:14:in `call'
actionpack (5.2.3) lib/action_dispatch/middleware/static.rb:127:in `call'
rack (2.0.7) lib/rack/sendfile.rb:111:in `call'
railties (5.2.3) lib/rails/engine.rb:524:in `call'
puma (3.12.1) lib/puma/configuration.rb:227:in `call'
puma (3.12.1) lib/puma/server.rb:660:in `handle_request'
puma (3.12.1) lib/puma/server.rb:474:in `process_client'
puma (3.12.1) lib/puma/server.rb:334:in `block in run'
puma (3.12.1) lib/puma/thread_pool.rb:135:in `block in spawn_thread'
Started GET "/users" for ::1 at 2019-10-01 16:20:58 -0700
Processing by UsersController#index as HTML
  Rendering users/index.html.erb within layouts/application
  Rendered users/index.html.erb within layouts/application (0.8ms)
Completed 200 OK in 48ms (Views: 25.8ms | ActiveRecord: 0.0ms)


Started DELETE "/users/new" for ::1 at 2019-10-01 16:21:01 -0700
Processing by UsersController#destroy as HTML
  Parameters: {"authenticity_token"=>"1cVyEgI8tTfzG8LD2Wx0eyrUTh4YipltzghhKPKLuYCDWHJwm/9WXE7KBObq8ii1XHfLqGJkMUZCxU2YsrEZCQ==", "id"=>"new"}
Completed 500 Internal Server Error in 3ms (ActiveRecord: 0.0ms)


  
NoMethodError (undefined method `reset_session_token!' for nil:NilClass):
  
app/controllers/users_controller.rb:24:in `destroy'
Started GET "/users/new" for ::1 at 2019-10-01 16:21:59 -0700
  [1m[35m (1.0ms)[0m  [1m[34mSELECT "schema_migrations"."version" FROM "schema_migrations" ORDER BY "schema_migrations"."version" ASC[0m
  ↳ /Users/appacademy/.rbenv/versions/2.5.1/lib/ruby/gems/2.5.0/gems/activerecord-5.2.3/lib/active_record/log_subscriber.rb:98
Processing by UsersController#new as HTML
  Rendering users/new.html.erb within layouts/application
  Rendered users/new.html.erb within layouts/application (10.7ms)
Completed 200 OK in 314ms (Views: 312.0ms | ActiveRecord: 0.0ms)


Started POST "/users" for ::1 at 2019-10-01 16:22:03 -0700
Processing by UsersController#create as HTML
  Parameters: {"authenticity_token"=>"9DAjunQyuY5L4MfsjXztCcB+PoJsKBxI4k3ZB8aFy9CirSPY7fFa5fYxAcm+4rHHtt27NBbGtGNugPW3hr9rWQ==", "user"=>{"email"=>"ewfwe", "password"=>"[FILTERED]"}}
Completed 500 Internal Server Error in 327ms (ActiveRecord: 10.0ms)


  
NoMethodError (undefined method `urlsafe' for SecureRandom:Module):
  
app/models/user.rb:12:in `reset_session_token'
app/controllers/application_controller.rb:6:in `login!'
app/controllers/users_controller.rb:13:in `create'
Started GET "/users" for ::1 at 2019-10-01 16:22:55 -0700
Processing by UsersController#index as HTML
  Rendering users/index.html.erb within layouts/application
  Rendered users/index.html.erb within layouts/application (1.4ms)
Completed 200 OK in 43ms (Views: 39.3ms | ActiveRecord: 0.0ms)


Started DELETE "/users/new" for ::1 at 2019-10-01 16:22:57 -0700
Processing by UsersController#destroy as HTML
  Parameters: {"authenticity_token"=>"j9HgGm3gLiKODiosalQ4PapLLcaz/WXVw5LtTivp0Y7ZTOB49CPNSTPf7AlZymTz3OiocMkTzf5PX8H+a9NxBw==", "id"=>"new"}
Completed 500 Internal Server Error in 4ms (ActiveRecord: 0.0ms)


  
NoMethodError (undefined method `reset_session_token!' for nil:NilClass):
  
app/controllers/users_controller.rb:24:in `destroy'
Started GET "/users/new" for ::1 at 2019-10-01 16:23:07 -0700
Processing by UsersController#new as HTML
  Rendering users/new.html.erb within layouts/application
  Rendered users/new.html.erb within layouts/application (1.4ms)
Completed 200 OK in 39ms (Views: 35.8ms | ActiveRecord: 0.0ms)


Started POST "/users" for ::1 at 2019-10-01 16:23:11 -0700
Processing by UsersController#create as HTML
  Parameters: {"authenticity_token"=>"c5zyVw4v7vVoN1WnN9VJ2Y+U75OlcvEuG9nr7kTgOzElAfI1l+wNntXmk4IESxUX+TdqJd+cWQWXFMdeBNqbuA==", "user"=>{"email"=>"ergergerg", "password"=>"[FILTERED]"}}
Completed 500 Internal Server Error in 328ms (ActiveRecord: 8.5ms)


  
NoMethodError (undefined method `url_safe' for SecureRandom:Module):
  
app/models/user.rb:12:in `reset_session_token'
app/controllers/application_controller.rb:6:in `login!'
app/controllers/users_controller.rb:13:in `create'
Started POST "/users" for ::1 at 2019-10-01 16:24:35 -0700
Processing by UsersController#create as HTML
  Parameters: {"authenticity_token"=>"c5zyVw4v7vVoN1WnN9VJ2Y+U75OlcvEuG9nr7kTgOzElAfI1l+wNntXmk4IESxUX+TdqJd+cWQWXFMdeBNqbuA==", "user"=>{"email"=>"ergergerg", "password"=>"[FILTERED]"}}
  [1m[35m (0.3ms)[0m  [1m[35mBEGIN[0m
  ↳ app/models/user.rb:12
  [1m[36mUser Exists (1.6ms)[0m  [1m[34mSELECT  1 AS one FROM "users" WHERE "users"."email" = $1 LIMIT $2[0m  [["email", "ergergerg"], ["LIMIT", 1]]
  ↳ app/models/user.rb:12
  [1m[36mUser Create (1.3ms)[0m  [1m[32mINSERT INTO "users" ("email", "password_digest", "session_token", "created_at", "updated_at") VALUES ($1, $2, $3, $4, $5) RETURNING "id"[0m  [["email", "ergergerg"], ["password_digest", "$2a$12$UJHANS7qolBo.yfSUNBk/uihovhM889cPe2vOmbmwFT8tmw2Hqaii"], ["session_token", "As9L2JGpPida6tzmVcl5jQ"], ["created_at", "2019-10-01 23:24:36.068452"], ["updated_at", "2019-10-01 23:24:36.068452"]]
  ↳ app/models/user.rb:12
  [1m[35m (0.4ms)[0m  [1m[35mCOMMIT[0m
  ↳ app/models/user.rb:12
  [1m[35m (0.1ms)[0m  [1m[35mBEGIN[0m
  ↳ app/controllers/users_controller.rb:14
  [1m[36mUser Exists (0.6ms)[0m  [1m[34mSELECT  1 AS one FROM "users" WHERE "users"."email" = $1 AND "users"."id" != $2 LIMIT $3[0m  [["email", "ergergerg"], ["id", 1], ["LIMIT", 1]]
  ↳ app/controllers/users_controller.rb:14
  [1m[35m (0.2ms)[0m  [1m[35mCOMMIT[0m
  ↳ app/controllers/users_controller.rb:14
Redirected to http://localhost:3000/users
Completed 302 Found in 336ms (ActiveRecord: 10.2ms)


Started GET "/users" for ::1 at 2019-10-01 16:24:36 -0700
Processing by UsersController#index as HTML
  Rendering users/index.html.erb within layouts/application
  Rendered users/index.html.erb within layouts/application (0.8ms)
Completed 500 Internal Server Error in 29ms (ActiveRecord: 0.3ms)


  
ActionView::Template::Error (PG::UndefinedColumn: ERROR:  column users.session does not exist
LINE 1: SELECT  "users".* FROM "users" WHERE "users"."session" = $1 ...
                                             ^
: SELECT  "users".* FROM "users" WHERE "users"."session" = $1 LIMIT $2):
    15:   <form action="<%= new_user_url  %>" method='post'>
    16:   <input type="hidden" name="_method" value='delete'>
    17:   <input type="hidden" name="authenticity_token" value="<%= form_authenticity_token %>"> 
    18:     <% if logged_in? %>
    19:       <input type="submit" value="logout">
    20:     <% else %>
    21:       <input type="submit" value="signup">
  
app/controllers/application_controller.rb:19:in `current_user'
app/controllers/application_controller.rb:14:in `logged_in?'
app/views/layouts/application.html.erb:18:in `_app_views_layouts_application_html_erb___4609229203032808380_70311878917780'
app/controllers/users_controller.rb:5:in `index'
Started GET "/users/new" for ::1 at 2019-10-01 16:27:36 -0700
  [1m[35m (1.1ms)[0m  [1m[34mSELECT "schema_migrations"."version" FROM "schema_migrations" ORDER BY "schema_migrations"."version" ASC[0m
  ↳ /Users/appacademy/.rbenv/versions/2.5.1/lib/ruby/gems/2.5.0/gems/activerecord-5.2.3/lib/active_record/log_subscriber.rb:98
Processing by UsersController#new as HTML
  Rendering users/new.html.erb within layouts/application
  Rendered users/new.html.erb within layouts/application (13.1ms)
Completed 500 Internal Server Error in 326ms (ActiveRecord: 4.3ms)


  
ActionView::Template::Error (PG::UndefinedColumn: ERROR:  column users.session does not exist
LINE 1: SELECT  "users".* FROM "users" WHERE "users"."session" = $1 ...
                                             ^
: SELECT  "users".* FROM "users" WHERE "users"."session" = $1 LIMIT $2):
    15:   <form action="<%= new_user_url  %>" method='post'>
    16:   <input type="hidden" name="_method" value='delete'>
    17:   <input type="hidden" name="authenticity_token" value="<%= form_authenticity_token %>"> 
    18:     <% if logged_in? %>
    19:       <input type="submit" value="logout">
    20:     <% else %>
    21:       <input type="submit" value="signup">
  
app/controllers/application_controller.rb:19:in `current_user'
app/controllers/application_controller.rb:14:in `logged_in?'
app/views/layouts/application.html.erb:18:in `_app_views_layouts_application_html_erb__2669644607204883836_70293956746500'
Started GET "/users" for ::1 at 2019-10-01 16:27:36 -0700
Processing by UsersController#index as HTML
  Rendering users/index.html.erb within layouts/application
  Rendered users/index.html.erb within layouts/application (0.5ms)
Completed 500 Internal Server Error in 39ms (ActiveRecord: 2.7ms)


  
ActionView::Template::Error (PG::UndefinedColumn: ERROR:  column users.session does not exist
LINE 1: SELECT  "users".* FROM "users" WHERE "users"."session" = $1 ...
                                             ^
: SELECT  "users".* FROM "users" WHERE "users"."session" = $1 LIMIT $2):
    15:   <form action="<%= new_user_url  %>" method='post'>
    16:   <input type="hidden" name="_method" value='delete'>
    17:   <input type="hidden" name="authenticity_token" value="<%= form_authenticity_token %>"> 
    18:     <% if logged_in? %>
    19:       <input type="submit" value="logout">
    20:     <% else %>
    21:       <input type="submit" value="signup">
  
app/controllers/application_controller.rb:19:in `current_user'
app/controllers/application_controller.rb:14:in `logged_in?'
app/views/layouts/application.html.erb:18:in `_app_views_layouts_application_html_erb__2669644607204883836_70293974013080'
app/controllers/users_controller.rb:5:in `index'
Started GET "/users" for ::1 at 2019-10-01 16:29:34 -0700
Processing by UsersController#index as HTML
  Rendering users/index.html.erb within layouts/application
  Rendered users/index.html.erb within layouts/application (0.6ms)
  [1m[36mUser Load (1.4ms)[0m  [1m[34mSELECT  "users".* FROM "users" WHERE "users"."session_token" = $1 LIMIT $2[0m  [["session_token", "As9L2JGpPida6tzmVcl5jQ"], ["LIMIT", 1]]
  ↳ app/controllers/application_controller.rb:19
Completed 200 OK in 79ms (Views: 59.7ms | ActiveRecord: 16.3ms)


Started DELETE "/users/new" for ::1 at 2019-10-01 16:29:39 -0700
Processing by UsersController#destroy as HTML
  Parameters: {"authenticity_token"=>"uzb+8CK8X6jWpQw3qAF+6A44jx3InCr1hBbB4vflo0Ptq/6Su3+8w2t0yhKbnyImeJsKq7Jygt4I2+1St98Dyg==", "id"=>"new"}
  [1m[36mUser Load (0.5ms)[0m  [1m[34mSELECT  "users".* FROM "users" WHERE "users"."session_token" = $1 LIMIT $2[0m  [["session_token", "As9L2JGpPida6tzmVcl5jQ"], ["LIMIT", 1]]
  ↳ app/controllers/application_controller.rb:19
Completed 500 Internal Server Error in 19ms (ActiveRecord: 0.5ms)


  
NoMethodError (undefined method `reset_session_token!' for #<User:0x00007fdd2ebf3e58>
Did you mean?  reset_session_token
               restore_session_token!):
  
app/controllers/users_controller.rb:24:in `destroy'
Started DELETE "/users/new" for ::1 at 2019-10-01 16:30:23 -0700
Processing by UsersController#destroy as HTML
  Parameters: {"authenticity_token"=>"uzb+8CK8X6jWpQw3qAF+6A44jx3InCr1hBbB4vflo0Ptq/6Su3+8w2t0yhKbnyImeJsKq7Jygt4I2+1St98Dyg==", "id"=>"new"}
  [1m[36mUser Load (2.0ms)[0m  [1m[34mSELECT  "users".* FROM "users" WHERE "users"."session_token" = $1 LIMIT $2[0m  [["session_token", "As9L2JGpPida6tzmVcl5jQ"], ["LIMIT", 1]]
  ↳ app/controllers/application_controller.rb:19
  [1m[35m (0.3ms)[0m  [1m[35mBEGIN[0m
  ↳ app/models/user.rb:12
  [1m[36mUser Exists (0.7ms)[0m  [1m[34mSELECT  1 AS one FROM "users" WHERE "users"."email" = $1 AND "users"."id" != $2 LIMIT $3[0m  [["email", "ergergerg"], ["id", 1], ["LIMIT", 1]]
  ↳ app/models/user.rb:12
  [1m[36mUser Update (1.2ms)[0m  [1m[33mUPDATE "users" SET "session_token" = $1, "updated_at" = $2 WHERE "users"."id" = $3[0m  [["session_token", "zBk2URev9jHkOFfYGwXjJQ"], ["updated_at", "2019-10-01 23:30:23.805594"], ["id", 1]]
  ↳ app/models/user.rb:12
  [1m[35m (2.2ms)[0m  [1m[35mCOMMIT[0m
  ↳ app/models/user.rb:12
Completed 500 Internal Server Error in 316ms (ActiveRecord: 21.6ms)


  
NameError (undefined local variable or method `new_session_url' for #<UsersController:0x00007fdd2a9536e8>
Did you mean?  new_sessions_url):
  
app/controllers/users_controller.rb:26:in `destroy'
Started DELETE "/users/new" for ::1 at 2019-10-01 16:32:02 -0700
Processing by UsersController#destroy as HTML
  Parameters: {"authenticity_token"=>"uzb+8CK8X6jWpQw3qAF+6A44jx3InCr1hBbB4vflo0Ptq/6Su3+8w2t0yhKbnyImeJsKq7Jygt4I2+1St98Dyg==", "id"=>"new"}
  [1m[36mUser Load (0.7ms)[0m  [1m[34mSELECT  "users".* FROM "users" WHERE "users"."session_token" = $1 LIMIT $2[0m  [["session_token", "As9L2JGpPida6tzmVcl5jQ"], ["LIMIT", 1]]
  ↳ app/controllers/application_controller.rb:19
Completed 500 Internal Server Error in 17ms (ActiveRecord: 5.4ms)


  
NoMethodError (undefined method `reset_session_token!' for nil:NilClass):
  
app/controllers/users_controller.rb:24:in `destroy'
Started GET "/users/new" for ::1 at 2019-10-01 16:32:19 -0700
Processing by UsersController#new as HTML
  Rendering users/new.html.erb within layouts/application
  Rendered users/new.html.erb within layouts/application (1.8ms)
  [1m[36mUser Load (0.7ms)[0m  [1m[34mSELECT  "users".* FROM "users" WHERE "users"."session_token" = $1 LIMIT $2[0m  [["session_token", "As9L2JGpPida6tzmVcl5jQ"], ["LIMIT", 1]]
  ↳ app/controllers/application_controller.rb:19
Completed 200 OK in 51ms (Views: 46.1ms | ActiveRecord: 0.7ms)


Started POST "/users" for ::1 at 2019-10-01 16:32:26 -0700
Processing by UsersController#create as HTML
  Parameters: {"authenticity_token"=>"owY92EDIuvlygDxBeDHBlZoPET681yGZvmWcYTumXzH1mz262QtZks9R+mRLr51b7KyUiMY5ibIyqLDRe5z/uA==", "user"=>{"email"=>"3t433", "password"=>"[FILTERED]"}}
Completed 500 Internal Server Error in 350ms (ActiveRecord: 6.8ms)


  
NoMethodError (undefined method `reset_session_token' for #<User:0x00007fdd2ce22898>
Did you mean?  reset_session_token!
               ensure_session_token
               restore_session_token!):
  
app/controllers/application_controller.rb:6:in `login!'
app/controllers/users_controller.rb:13:in `create'
Started POST "/users" for ::1 at 2019-10-01 16:32:49 -0700
Processing by UsersController#create as HTML
  Parameters: {"authenticity_token"=>"owY92EDIuvlygDxBeDHBlZoPET681yGZvmWcYTumXzH1mz262QtZks9R+mRLr51b7KyUiMY5ibIyqLDRe5z/uA==", "user"=>{"email"=>"3t433", "password"=>"[FILTERED]"}}
  [1m[35m (0.2ms)[0m  [1m[35mBEGIN[0m
  ↳ app/models/user.rb:12
  [1m[36mUser Exists (0.6ms)[0m  [1m[34mSELECT  1 AS one FROM "users" WHERE "users"."email" = $1 LIMIT $2[0m  [["email", "3t433"], ["LIMIT", 1]]
  ↳ app/models/user.rb:12
  [1m[36mUser Create (0.9ms)[0m  [1m[32mINSERT INTO "users" ("email", "password_digest", "session_token", "created_at", "updated_at") VALUES ($1, $2, $3, $4, $5) RETURNING "id"[0m  [["email", "3t433"], ["password_digest", "$2a$12$CnAeKtw3KUTkWYBAquvpsODd6MsRZm.ImEZ8r2/vElGsasv5/jnZC"], ["session_token", "FKiNLQp3LHpRBry6a3FtfA"], ["created_at", "2019-10-01 23:32:50.159259"], ["updated_at", "2019-10-01 23:32:50.159259"]]
  ↳ app/models/user.rb:12
  [1m[35m (2.0ms)[0m  [1m[35mCOMMIT[0m
  ↳ app/models/user.rb:12
  [1m[35m (0.1ms)[0m  [1m[35mBEGIN[0m
  ↳ app/controllers/users_controller.rb:14
  [1m[36mUser Exists (0.5ms)[0m  [1m[34mSELECT  1 AS one FROM "users" WHERE "users"."email" = $1 AND "users"."id" != $2 LIMIT $3[0m  [["email", "3t433"], ["id", 2], ["LIMIT", 1]]
  ↳ app/controllers/users_controller.rb:14
  [1m[35m (1.5ms)[0m  [1m[35mCOMMIT[0m
  ↳ app/controllers/users_controller.rb:14
Redirected to http://localhost:3000/users
Completed 302 Found in 345ms (ActiveRecord: 16.3ms)


Started GET "/users" for ::1 at 2019-10-01 16:32:50 -0700
Processing by UsersController#index as HTML
  Rendering users/index.html.erb within layouts/application
  Rendered users/index.html.erb within layouts/application (0.5ms)
  [1m[36mUser Load (0.5ms)[0m  [1m[34mSELECT  "users".* FROM "users" WHERE "users"."session_token" = $1 LIMIT $2[0m  [["session_token", "FKiNLQp3LHpRBry6a3FtfA"], ["LIMIT", 1]]
  ↳ app/controllers/application_controller.rb:19
Completed 200 OK in 34ms (Views: 33.5ms | ActiveRecord: 0.5ms)


Started DELETE "/users/new" for ::1 at 2019-10-01 16:32:53 -0700
Processing by UsersController#destroy as HTML
  Parameters: {"authenticity_token"=>"pafudNT9PR5KytMG1T7pxO4TxhSKaTn+nt+0mIwHuAPzOu4WTT7edfcbFSPmoLUKmLBDovCHkdUSEpgozD0Yig==", "id"=>"new"}
  [1m[36mUser Load (0.8ms)[0m  [1m[34mSELECT  "users".* FROM "users" WHERE "users"."session_token" = $1 LIMIT $2[0m  [["session_token", "FKiNLQp3LHpRBry6a3FtfA"], ["LIMIT", 1]]
  ↳ app/controllers/application_controller.rb:19
  [1m[35m (0.2ms)[0m  [1m[35mBEGIN[0m
  ↳ app/models/user.rb:12
  [1m[36mUser Exists (0.9ms)[0m  [1m[34mSELECT  1 AS one FROM "users" WHERE "users"."email" = $1 AND "users"."id" != $2 LIMIT $3[0m  [["email", "3t433"], ["id", 2], ["LIMIT", 1]]
  ↳ app/models/user.rb:12
  [1m[36mUser Update (0.6ms)[0m  [1m[33mUPDATE "users" SET "session_token" = $1, "updated_at" = $2 WHERE "users"."id" = $3[0m  [["session_token", "CdLJ2NW_DRnx_yHUrdVCkQ"], ["updated_at", "2019-10-01 23:32:53.503636"], ["id", 2]]
  ↳ app/models/user.rb:12
  [1m[35m (2.0ms)[0m  [1m[35mCOMMIT[0m
  ↳ app/models/user.rb:12
Redirected to http://localhost:3000/users/new
Completed 302 Found in 19ms (ActiveRecord: 4.5ms)


Started GET "/users/new" for ::1 at 2019-10-01 16:32:53 -0700
Processing by UsersController#new as HTML
  Rendering users/new.html.erb within layouts/application
  Rendered users/new.html.erb within layouts/application (1.4ms)
Completed 200 OK in 41ms (Views: 38.7ms | ActiveRecord: 0.0ms)


Started POST "/users" for ::1 at 2019-10-01 16:32:58 -0700
Processing by UsersController#create as HTML
  Parameters: {"authenticity_token"=>"tf8cgD0Ngj5Dyz4vllWyhP5KQnLtNkC9uVuDA4dSokvjYhzipM5hVf4a+Aqly+5KiOnHxJfY6JY1lq+zx2gCwg==", "user"=>{"email"=>"xaxas", "password"=>"[FILTERED]"}}
  [1m[35m (0.2ms)[0m  [1m[35mBEGIN[0m
  ↳ app/models/user.rb:12
  [1m[36mUser Exists (0.6ms)[0m  [1m[34mSELECT  1 AS one FROM "users" WHERE "users"."email" = $1 LIMIT $2[0m  [["email", "xaxas"], ["LIMIT", 1]]
  ↳ app/models/user.rb:12
  [1m[36mUser Create (0.7ms)[0m  [1m[32mINSERT INTO "users" ("email", "password_digest", "session_token", "created_at", "updated_at") VALUES ($1, $2, $3, $4, $5) RETURNING "id"[0m  [["email", "xaxas"], ["password_digest", "$2a$12$rYefK3RZrOdqFtrkktsswuQCcQBR/uck7PVvfFDoMDxW7LgO3SqW2"], ["session_token", "mRacAG788dAbmMDfdvyzFQ"], ["created_at", "2019-10-01 23:32:58.353434"], ["updated_at", "2019-10-01 23:32:58.353434"]]
  ↳ app/models/user.rb:12
  [1m[35m (0.6ms)[0m  [1m[35mCOMMIT[0m
  ↳ app/models/user.rb:12
  [1m[35m (0.7ms)[0m  [1m[35mBEGIN[0m
  ↳ app/controllers/users_controller.rb:14
  [1m[36mUser Exists (1.0ms)[0m  [1m[34mSELECT  1 AS one FROM "users" WHERE "users"."email" = $1 AND "users"."id" != $2 LIMIT $3[0m  [["email", "xaxas"], ["id", 3], ["LIMIT", 1]]
  ↳ app/controllers/users_controller.rb:14
  [1m[35m (0.4ms)[0m  [1m[35mCOMMIT[0m
  ↳ app/controllers/users_controller.rb:14
Redirected to http://localhost:3000/users
Completed 302 Found in 320ms (ActiveRecord: 4.3ms)


Started GET "/users" for ::1 at 2019-10-01 16:32:58 -0700
Processing by UsersController#index as HTML
  Rendering users/index.html.erb within layouts/application
  Rendered users/index.html.erb within layouts/application (0.5ms)
  [1m[36mUser Load (0.4ms)[0m  [1m[34mSELECT  "users".* FROM "users" WHERE "users"."session_token" = $1 LIMIT $2[0m  [["session_token", "mRacAG788dAbmMDfdvyzFQ"], ["LIMIT", 1]]
  ↳ app/controllers/application_controller.rb:19
Completed 200 OK in 37ms (Views: 35.9ms | ActiveRecord: 0.4ms)


Started DELETE "/users/new" for ::1 at 2019-10-01 16:32:59 -0700
Processing by UsersController#destroy as HTML
  Parameters: {"authenticity_token"=>"DbS+efWhhXclzDN1ROu1sklwFjHIlGB1ebQVFT60ZoNbKb4bbGJmHJgd9VB3del8P9OTh7J6yF71eTmlfo7GCg==", "id"=>"new"}
  [1m[36mUser Load (0.8ms)[0m  [1m[34mSELECT  "users".* FROM "users" WHERE "users"."session_token" = $1 LIMIT $2[0m  [["session_token", "mRacAG788dAbmMDfdvyzFQ"], ["LIMIT", 1]]
  ↳ app/controllers/application_controller.rb:19
  [1m[35m (0.3ms)[0m  [1m[35mBEGIN[0m
  ↳ app/models/user.rb:12
  [1m[36mUser Exists (0.5ms)[0m  [1m[34mSELECT  1 AS one FROM "users" WHERE "users"."email" = $1 AND "users"."id" != $2 LIMIT $3[0m  [["email", "xaxas"], ["id", 3], ["LIMIT", 1]]
  ↳ app/models/user.rb:12
  [1m[36mUser Update (1.1ms)[0m  [1m[33mUPDATE "users" SET "session_token" = $1, "updated_at" = $2 WHERE "users"."id" = $3[0m  [["session_token", "e-9aesw9Pgb3pI_n4UA-gA"], ["updated_at", "2019-10-01 23:32:59.589370"], ["id", 3]]
  ↳ app/models/user.rb:12
  [1m[35m (3.0ms)[0m  [1m[35mCOMMIT[0m
  ↳ app/models/user.rb:12
Redirected to http://localhost:3000/users/new
Completed 302 Found in 12ms (ActiveRecord: 5.7ms)


Started GET "/users/new" for ::1 at 2019-10-01 16:32:59 -0700
Processing by UsersController#new as HTML
  Rendering users/new.html.erb within layouts/application
  Rendered users/new.html.erb within layouts/application (0.9ms)
Completed 200 OK in 32ms (Views: 29.4ms | ActiveRecord: 0.0ms)


Started POST "/users" for ::1 at 2019-10-01 16:38:59 -0700
Processing by UsersController#create as HTML
  Parameters: {"authenticity_token"=>"Cf6QDH50zgmR0YfD9CZFCLPDxkRbNC9qEDnZAXSCmIFfY5Bu57ctYiwAQebHuBnGxWBD8iHah0Gc9PWxNLg4CA==", "user"=>{"email"=>"jess", "password"=>"[FILTERED]"}}
  [1m[35m (0.4ms)[0m  [1m[35mBEGIN[0m
  ↳ app/models/user.rb:12
  [1m[36mUser Exists (1.6ms)[0m  [1m[34mSELECT  1 AS one FROM "users" WHERE "users"."email" = $1 LIMIT $2[0m  [["email", "jess"], ["LIMIT", 1]]
  ↳ app/models/user.rb:12
  [1m[36mUser Create (1.1ms)[0m  [1m[32mINSERT INTO "users" ("email", "password_digest", "session_token", "created_at", "updated_at") VALUES ($1, $2, $3, $4, $5) RETURNING "id"[0m  [["email", "jess"], ["password_digest", "$2a$12$mctD6/SjR3lNNRh4VWaF0eAMZ3Be6KDGZXBDWSsfQew7m6B8t8BgC"], ["session_token", "LNOwL9jwH0Dryn3sloTIrw"], ["created_at", "2019-10-01 23:38:59.774436"], ["updated_at", "2019-10-01 23:38:59.774436"]]
  ↳ app/models/user.rb:12
  [1m[35m (2.2ms)[0m  [1m[35mCOMMIT[0m
  ↳ app/models/user.rb:12
  [1m[35m (0.1ms)[0m  [1m[35mBEGIN[0m
  ↳ app/controllers/users_controller.rb:14
  [1m[36mUser Exists (0.8ms)[0m  [1m[34mSELECT  1 AS one FROM "users" WHERE "users"."email" = $1 AND "users"."id" != $2 LIMIT $3[0m  [["email", "jess"], ["id", 4], ["LIMIT", 1]]
  ↳ app/controllers/users_controller.rb:14
  [1m[35m (0.5ms)[0m  [1m[35mCOMMIT[0m
  ↳ app/controllers/users_controller.rb:14
Redirected to http://localhost:3000/users
Completed 302 Found in 367ms (ActiveRecord: 22.5ms)


Started GET "/users" for ::1 at 2019-10-01 16:38:59 -0700
Processing by UsersController#index as HTML
  Rendering users/index.html.erb within layouts/application
  Rendered users/index.html.erb within layouts/application (0.5ms)
  [1m[36mUser Load (0.4ms)[0m  [1m[34mSELECT  "users".* FROM "users" WHERE "users"."session_token" = $1 LIMIT $2[0m  [["session_token", "LNOwL9jwH0Dryn3sloTIrw"], ["LIMIT", 1]]
  ↳ app/controllers/application_controller.rb:19
Completed 200 OK in 52ms (Views: 51.4ms | ActiveRecord: 0.7ms)


Started DELETE "/users/new" for ::1 at 2019-10-01 16:40:47 -0700
Processing by UsersController#destroy as HTML
  Parameters: {"authenticity_token"=>"ESDu9aLSBBnm/YGlCR9NddnvzQmst7WnXuA9t7rSlI1Hve6XOxHnclssR4A6gRG7r0xIv9ZZHYzSLREH+ug0BA==", "id"=>"new"}
Completed 500 Internal Server Error in 212ms (ActiveRecord: 0.0ms)


  
NameError (undefined local variable or method `logout' for #<UsersController:0x00007fdd301b2140>):
  
app/controllers/users_controller.rb:26:in `destroy'
Started DELETE "/users/new" for ::1 at 2019-10-01 16:41:44 -0700
Processing by UsersController#destroy as HTML
  Parameters: {"authenticity_token"=>"ESDu9aLSBBnm/YGlCR9NddnvzQmst7WnXuA9t7rSlI1Hve6XOxHnclssR4A6gRG7r0xIv9ZZHYzSLREH+ug0BA==", "id"=>"new"}
Completed 500 Internal Server Error in 213ms (ActiveRecord: 0.0ms)


  
NameError (undefined local variable or method `logout' for #<UsersController:0x00007fdd2941f970>
Did you mean?  logout!):
  
app/controllers/users_controller.rb:26:in `destroy'
Started DELETE "/users/new" for ::1 at 2019-10-01 16:42:00 -0700
Processing by UsersController#destroy as HTML
  Parameters: {"authenticity_token"=>"ESDu9aLSBBnm/YGlCR9NddnvzQmst7WnXuA9t7rSlI1Hve6XOxHnclssR4A6gRG7r0xIv9ZZHYzSLREH+ug0BA==", "id"=>"new"}
  [1m[36mUser Load (1.1ms)[0m  [1m[34mSELECT  "users".* FROM "users" WHERE "users"."session_token" = $1 LIMIT $2[0m  [["session_token", "LNOwL9jwH0Dryn3sloTIrw"], ["LIMIT", 1]]
  ↳ app/controllers/application_controller.rb:20
  [1m[35m (0.7ms)[0m  [1m[35mBEGIN[0m
  ↳ app/models/user.rb:12
  [1m[36mUser Exists (0.8ms)[0m  [1m[34mSELECT  1 AS one FROM "users" WHERE "users"."email" = $1 AND "users"."id" != $2 LIMIT $3[0m  [["email", "jess"], ["id", 4], ["LIMIT", 1]]
  ↳ app/models/user.rb:12
  [1m[36mUser Update (1.1ms)[0m  [1m[33mUPDATE "users" SET "session_token" = $1, "updated_at" = $2 WHERE "users"."id" = $3[0m  [["session_token", "Pc4sdA7tjOV1V-9Y6OQvvA"], ["updated_at", "2019-10-01 23:42:00.422354"], ["id", 4]]
  ↳ app/models/user.rb:12
  [1m[35m (2.3ms)[0m  [1m[35mCOMMIT[0m
  ↳ app/models/user.rb:12
Redirected to http://localhost:3000/users/new
Completed 302 Found in 45ms (ActiveRecord: 17.7ms)


Started GET "/users/new" for ::1 at 2019-10-01 16:42:00 -0700
Processing by UsersController#new as HTML
  Rendering users/new.html.erb within layouts/application
  Rendered users/new.html.erb within layouts/application (2.2ms)
Completed 200 OK in 50ms (Views: 47.2ms | ActiveRecord: 0.0ms)


Started POST "/users" for ::1 at 2019-10-01 16:42:05 -0700
Processing by UsersController#create as HTML
  Parameters: {"authenticity_token"=>"nXkE6scB1a9GjqibAxANIBSQ4FZp3zEFzpzdbiCiLgnL5ASIXsI2xPtfbr4wjlHuYjNl4BMxmS5CUfHeYJiOgA==", "user"=>{"email"=>"egdfdfb", "password"=>"[FILTERED]"}}
  [1m[35m (0.2ms)[0m  [1m[35mBEGIN[0m
  ↳ app/models/user.rb:12
  [1m[36mUser Exists (0.7ms)[0m  [1m[34mSELECT  1 AS one FROM "users" WHERE "users"."email" = $1 LIMIT $2[0m  [["email", "egdfdfb"], ["LIMIT", 1]]
  ↳ app/models/user.rb:12
  [1m[36mUser Create (0.7ms)[0m  [1m[32mINSERT INTO "users" ("email", "password_digest", "session_token", "created_at", "updated_at") VALUES ($1, $2, $3, $4, $5) RETURNING "id"[0m  [["email", "egdfdfb"], ["password_digest", "$2a$12$A.MAwNg2bDqP/TXxfL9/F.xbWsbxrFMcnfhBmr2dodrEFsrxPGKHe"], ["session_token", "zVbRVVS7uloxH4-lFPtwaw"], ["created_at", "2019-10-01 23:42:05.712217"], ["updated_at", "2019-10-01 23:42:05.712217"]]
  ↳ app/models/user.rb:12
  [1m[35m (2.0ms)[0m  [1m[35mCOMMIT[0m
  ↳ app/models/user.rb:12
  [1m[35m (0.1ms)[0m  [1m[35mBEGIN[0m
  ↳ app/controllers/users_controller.rb:14
  [1m[36mUser Exists (0.5ms)[0m  [1m[34mSELECT  1 AS one FROM "users" WHERE "users"."email" = $1 AND "users"."id" != $2 LIMIT $3[0m  [["email", "egdfdfb"], ["id", 5], ["LIMIT", 1]]
  ↳ app/controllers/users_controller.rb:14
  [1m[35m (0.2ms)[0m  [1m[35mCOMMIT[0m
  ↳ app/controllers/users_controller.rb:14
Redirected to http://localhost:3000/users
Completed 302 Found in 313ms (ActiveRecord: 4.4ms)


Started GET "/users" for ::1 at 2019-10-01 16:42:05 -0700
Processing by UsersController#index as HTML
  Rendering users/index.html.erb within layouts/application
  Rendered users/index.html.erb within layouts/application (0.5ms)
  [1m[36mUser Load (0.7ms)[0m  [1m[34mSELECT  "users".* FROM "users" WHERE "users"."session_token" = $1 LIMIT $2[0m  [["session_token", "zVbRVVS7uloxH4-lFPtwaw"], ["LIMIT", 1]]
  ↳ app/controllers/application_controller.rb:20
Completed 200 OK in 39ms (Views: 38.1ms | ActiveRecord: 0.7ms)


Started DELETE "/users/new" for ::1 at 2019-10-01 16:42:10 -0700
Processing by UsersController#destroy as HTML
  Parameters: {"authenticity_token"=>"2+PasZl+k7PGQy9Pq7A+w6VCdQEfWxrcClgpQQSydt2NftrTAL1w2HuS6WqYLmIN0+Hwt2W1sveGlQXxRIjWVA==", "id"=>"new"}
  [1m[36mUser Load (0.6ms)[0m  [1m[34mSELECT  "users".* FROM "users" WHERE "users"."session_token" = $1 LIMIT $2[0m  [["session_token", "zVbRVVS7uloxH4-lFPtwaw"], ["LIMIT", 1]]
  ↳ app/controllers/application_controller.rb:20
  [1m[35m (0.3ms)[0m  [1m[35mBEGIN[0m
  ↳ app/models/user.rb:12
  [1m[36mUser Exists (0.8ms)[0m  [1m[34mSELECT  1 AS one FROM "users" WHERE "users"."email" = $1 AND "users"."id" != $2 LIMIT $3[0m  [["email", "egdfdfb"], ["id", 5], ["LIMIT", 1]]
  ↳ app/models/user.rb:12
  [1m[36mUser Update (0.7ms)[0m  [1m[33mUPDATE "users" SET "session_token" = $1, "updated_at" = $2 WHERE "users"."id" = $3[0m  [["session_token", "PTe9e3jUtKgdwm9f1iwE1Q"], ["updated_at", "2019-10-01 23:42:10.637006"], ["id", 5]]
  ↳ app/models/user.rb:12
  [1m[35m (2.1ms)[0m  [1m[35mCOMMIT[0m
  ↳ app/models/user.rb:12
Redirected to http://localhost:3000/users/new
Completed 302 Found in 11ms (ActiveRecord: 4.5ms)


Started GET "/users/new" for ::1 at 2019-10-01 16:42:10 -0700
Processing by UsersController#new as HTML
  Rendering users/new.html.erb within layouts/application
  Rendered users/new.html.erb within layouts/application (1.6ms)
Completed 200 OK in 44ms (Views: 41.4ms | ActiveRecord: 0.0ms)


  [1m[36mUser Load (0.6ms)[0m  [1m[34mSELECT  "users".* FROM "users" LIMIT $1[0m  [["LIMIT", 11]]
Started POST "/users" for ::1 at 2019-10-01 16:42:51 -0700
Processing by UsersController#create as HTML
  Parameters: {"authenticity_token"=>"uFVV3REN4ts2+BtMWQeQ7po72kca1wUVgefH2CXzvXvuyFW/iM4BsIsp3Wlqmcwg7Jhf8WA5rT4NKutoZckd8g==", "user"=>{"email"=>"xaxas", "password"=>"[FILTERED]"}}
  [1m[35m (0.2ms)[0m  [1m[35mBEGIN[0m
  ↳ app/models/user.rb:12
  [1m[36mUser Exists (0.6ms)[0m  [1m[34mSELECT  1 AS one FROM "users" WHERE "users"."email" = $1 LIMIT $2[0m  [["email", "xaxas"], ["LIMIT", 1]]
  ↳ app/models/user.rb:12
  [1m[35m (0.3ms)[0m  [1m[31mROLLBACK[0m
  ↳ app/models/user.rb:12
Completed 422 Unprocessable Entity in 323ms (ActiveRecord: 1.0ms)


  
ActiveRecord::RecordInvalid (Validation failed: Email has already been taken):
  
app/models/user.rb:12:in `reset_session_token!'
app/controllers/application_controller.rb:6:in `login!'
app/controllers/users_controller.rb:13:in `create'
Started GET "/users" for ::1 at 2019-10-01 16:49:04 -0700
Processing by UsersController#index as HTML
  Rendering users/index.html.erb within layouts/application
  Rendered users/index.html.erb within layouts/application (0.4ms)
Completed 200 OK in 28ms (Views: 28.1ms | ActiveRecord: 0.0ms)


